Watching for file changes with StatReloader
C:\Users\Nikita\PycharmProjects\42_django\lectures\myapp\views.py changed, reloading.
Watching for file changes with StatReloader
C:\Users\Nikita\PycharmProjects\42_django\lectures\myapp\views.py changed, reloading.
Watching for file changes with StatReloader
C:\Users\Nikita\PycharmProjects\42_django\lectures\myapp\views.py changed, reloading.
Watching for file changes with StatReloader
"GET /prefix/about/ HTTP/1.1" 200 27
"GET /prefix HTTP/1.1" 301 0
"GET /prefix/ HTTP/1.1" 200 13
C:\Users\Nikita\PycharmProjects\42_django\lectures\lectures\settings.py changed, reloading.
Watching for file changes with StatReloader
Index page accessed
"GET /prefix/ HTTP/1.1" 200 13
Error in about page: division by zero
Traceback (most recent call last):
  File "C:\Users\Nikita\PycharmProjects\42_django\lectures\myapp\views.py", line 18, in about
    result = 1 / 0
             ~~^~~
ZeroDivisionError: division by zero
"GET /prefix/about/ HTTP/1.1" 200 27
C:\Users\Nikita\PycharmProjects\42_django\lectures\lectures\settings.py changed, reloading.
Watching for file changes with StatReloader
C:\Users\Nikita\PycharmProjects\42_django\lectures\lectures\settings.py changed, reloading.
Watching for file changes with StatReloader
C:\Users\Nikita\PycharmProjects\42_django\lectures\lectures\settings.py changed, reloading.
Watching for file changes with StatReloader
C:\Users\Nikita\PycharmProjects\42_django\lectures\lectures\settings.py changed, reloading.
Watching for file changes with StatReloader
C:\Users\Nikita\PycharmProjects\42_django\lectures\lectures\settings.py changed, reloading.
Watching for file changes with StatReloader
C:\Users\Nikita\PycharmProjects\42_django\lectures\lectures\settings.py changed, reloading.
Watching for file changes with StatReloader
C:\Users\Nikita\PycharmProjects\42_django\lectures\lectures\settings.py changed, reloading.
Watching for file changes with StatReloader
C:\Users\Nikita\PycharmProjects\42_django\lectures\lectures\settings.py changed, reloading.
Watching for file changes with StatReloader
C:\Users\Nikita\PycharmProjects\42_django\lectures\lectures\settings.py changed, reloading.
Watching for file changes with StatReloader
C:\Users\Nikita\PycharmProjects\42_django\lectures\lectures\settings.py changed, reloading.
INFO 2023-08-17 22:32:10,129 autoreload 15768 7064 Watching for file changes with StatReloader
ERROR 2023-08-17 22:32:28,836 views 15768 10428 Error in about page: division by zero
Traceback (most recent call last):
  File "C:\Users\Nikita\PycharmProjects\42_django\lectures\myapp\views.py", line 18, in about
    result = 1 / 0
             ~~^~~
ZeroDivisionError: division by zero
INFO 2023-08-17 22:32:28,837 basehttp 15768 10428 "GET /prefix/about/ HTTP/1.1" 200 27
INFO 2023-08-17 22:32:30,924 views 15768 10428 Index page accessed
INFO 2023-08-17 22:32:30,925 basehttp 15768 10428 "GET /prefix/ HTTP/1.1" 200 13
INFO 2023-08-20 12:19:33,240 autoreload 19984 10144 Watching for file changes with StatReloader
INFO 2023-08-20 12:21:54,481 autoreload 11104 2404 Watching for file changes with StatReloader
INFO 2023-08-20 12:31:16,963 autoreload 16772 17492 Watching for file changes with StatReloader
INFO 2023-08-24 20:56:12,305 autoreload 17668 9244 Watching for file changes with StatReloader
WARNING 2023-08-24 20:56:18,247 log 17668 13156 Not Found: /
WARNING 2023-08-24 20:56:18,248 basehttp 17668 13156 "GET / HTTP/1.1" 404 2273
WARNING 2023-08-24 20:57:10,314 log 17668 13156 Not Found: /les3/
WARNING 2023-08-24 20:57:10,314 basehttp 17668 13156 "GET /les3/ HTTP/1.1" 404 2547
INFO 2023-08-24 20:57:25,427 basehttp 17668 13156 "GET /les3/hello HTTP/1.1" 301 0
INFO 2023-08-24 20:57:25,431 basehttp 17668 14316 "GET /les3/hello/ HTTP/1.1" 200 26
INFO 2023-08-24 20:57:31,749 basehttp 17668 14316 "GET /les3/hello2 HTTP/1.1" 301 0
INFO 2023-08-24 20:57:31,752 basehttp 17668 1372 "GET /les3/hello2/ HTTP/1.1" 200 23
INFO 2023-08-24 21:01:35,372 autoreload 17668 9244 C:\Users\Nikita\PycharmProjects\42_django\lectures\myapp3\urls.py changed, reloading.
INFO 2023-08-24 21:01:36,029 autoreload 12784 16932 Watching for file changes with StatReloader
INFO 2023-08-24 21:01:51,726 autoreload 12784 16932 C:\Users\Nikita\PycharmProjects\42_django\lectures\myapp3\urls.py changed, reloading.
INFO 2023-08-24 21:01:52,266 autoreload 13896 5912 Watching for file changes with StatReloader
INFO 2023-08-24 21:02:05,817 autoreload 13896 5912 C:\Users\Nikita\PycharmProjects\42_django\lectures\myapp3\urls.py changed, reloading.
INFO 2023-08-24 21:02:06,452 autoreload 9796 1196 Watching for file changes with StatReloader
INFO 2023-08-24 21:04:59,569 autoreload 9796 1196 C:\Users\Nikita\PycharmProjects\42_django\lectures\myapp3\urls.py changed, reloading.
INFO 2023-08-24 21:05:00,176 autoreload 17984 10540 Watching for file changes with StatReloader
INFO 2023-08-24 21:07:16,571 autoreload 17984 10540 C:\Users\Nikita\PycharmProjects\42_django\lectures\myapp3\urls.py changed, reloading.
INFO 2023-08-24 21:07:17,139 autoreload 9484 15456 Watching for file changes with StatReloader
INFO 2023-08-24 21:08:05,131 autoreload 9484 15456 C:\Users\Nikita\PycharmProjects\42_django\lectures\myapp3\urls.py changed, reloading.
INFO 2023-08-24 21:08:05,754 autoreload 18064 11300 Watching for file changes with StatReloader
INFO 2023-08-24 21:10:17,203 autoreload 18064 11300 C:\Users\Nikita\PycharmProjects\42_django\lectures\myapp3\urls.py changed, reloading.
INFO 2023-08-24 21:10:17,790 autoreload 18272 4360 Watching for file changes with StatReloader
INFO 2023-08-24 21:11:37,345 autoreload 18272 4360 C:\Users\Nikita\PycharmProjects\42_django\lectures\myapp3\urls.py changed, reloading.
INFO 2023-08-24 21:11:37,926 autoreload 16560 13116 Watching for file changes with StatReloader
INFO 2023-08-24 21:12:12,688 autoreload 16560 13116 C:\Users\Nikita\PycharmProjects\42_django\lectures\myapp3\views.py changed, reloading.
INFO 2023-08-24 21:12:13,252 autoreload 12952 17728 Watching for file changes with StatReloader
INFO 2023-08-24 21:13:10,411 autoreload 12952 17728 C:\Users\Nikita\PycharmProjects\42_django\lectures\myapp3\views.py changed, reloading.
INFO 2023-08-24 21:13:11,149 autoreload 8632 18084 Watching for file changes with StatReloader
INFO 2023-08-24 21:14:50,111 autoreload 8632 18084 C:\Users\Nikita\PycharmProjects\42_django\lectures\myapp3\views.py changed, reloading.
INFO 2023-08-24 21:14:50,670 autoreload 13140 14956 Watching for file changes with StatReloader
INFO 2023-08-24 21:15:09,157 autoreload 13140 14956 C:\Users\Nikita\PycharmProjects\42_django\lectures\myapp3\views.py changed, reloading.
INFO 2023-08-24 21:15:09,823 autoreload 5472 10748 Watching for file changes with StatReloader
INFO 2023-08-24 21:16:20,250 autoreload 5472 10748 C:\Users\Nikita\PycharmProjects\42_django\lectures\myapp3\views.py changed, reloading.
INFO 2023-08-24 21:16:20,878 autoreload 4548 17620 Watching for file changes with StatReloader
INFO 2023-08-24 21:17:32,264 autoreload 4548 17620 C:\Users\Nikita\PycharmProjects\42_django\lectures\myapp3\views.py changed, reloading.
INFO 2023-08-24 21:17:32,853 autoreload 1800 1780 Watching for file changes with StatReloader
INFO 2023-08-24 21:17:47,277 autoreload 1800 1780 C:\Users\Nikita\PycharmProjects\42_django\lectures\myapp3\views.py changed, reloading.
INFO 2023-08-24 21:17:47,822 autoreload 2464 16140 Watching for file changes with StatReloader
INFO 2023-08-24 21:18:21,883 autoreload 2464 16140 C:\Users\Nikita\PycharmProjects\42_django\lectures\myapp3\views.py changed, reloading.
INFO 2023-08-24 21:18:22,549 autoreload 2100 15988 Watching for file changes with StatReloader
INFO 2023-08-24 21:20:03,020 autoreload 2100 15988 C:\Users\Nikita\PycharmProjects\42_django\lectures\myapp3\views.py changed, reloading.
INFO 2023-08-24 21:20:03,623 autoreload 17548 8784 Watching for file changes with StatReloader
WARNING 2023-08-24 21:20:19,465 log 17548 9744 Not Found: /post/2023/08/24
WARNING 2023-08-24 21:20:19,466 basehttp 17548 9744 "GET /post/2023/08/24 HTTP/1.1" 404 2336
WARNING 2023-08-24 21:20:33,234 log 17548 9744 Not Found: /posts/2023/08/24
WARNING 2023-08-24 21:20:33,234 basehttp 17548 9744 "GET /posts/2023/08/24 HTTP/1.1" 404 2339
WARNING 2023-08-24 21:21:15,222 log 17548 9744 Not Found: /posts/2023/08/python
WARNING 2023-08-24 21:21:15,223 basehttp 17548 9744 "GET /posts/2023/08/python HTTP/1.1" 404 2351
INFO 2023-08-24 21:22:14,494 basehttp 17548 9744 "GET /les3/posts/2023/08/python HTTP/1.1" 301 0
INFO 2023-08-24 21:22:14,496 basehttp 17548 15796 "GET /les3/posts/2023/08/python/ HTTP/1.1" 200 364
INFO 2023-08-24 21:31:47,133 autoreload 17548 8784 C:\Users\Nikita\PycharmProjects\42_django\lectures\myapp3\views.py changed, reloading.
INFO 2023-08-24 21:31:47,793 autoreload 1312 15512 Watching for file changes with StatReloader
INFO 2023-08-24 21:32:00,389 autoreload 1312 15512 C:\Users\Nikita\PycharmProjects\42_django\lectures\myapp3\views.py changed, reloading.
INFO 2023-08-24 21:32:00,962 autoreload 8112 17928 Watching for file changes with StatReloader
INFO 2023-08-24 21:32:14,354 autoreload 8112 17928 C:\Users\Nikita\PycharmProjects\42_django\lectures\myapp3\views.py changed, reloading.
INFO 2023-08-24 21:32:14,918 autoreload 14748 17800 Watching for file changes with StatReloader
INFO 2023-08-24 21:32:33,416 autoreload 14748 17800 C:\Users\Nikita\PycharmProjects\42_django\lectures\myapp3\views.py changed, reloading.
INFO 2023-08-24 21:32:33,941 autoreload 9940 16420 Watching for file changes with StatReloader
INFO 2023-08-24 21:32:46,316 autoreload 9940 16420 C:\Users\Nikita\PycharmProjects\42_django\lectures\myapp3\views.py changed, reloading.
INFO 2023-08-24 21:32:46,920 autoreload 9796 9544 Watching for file changes with StatReloader
INFO 2023-08-24 21:35:11,183 autoreload 9796 9544 C:\Users\Nikita\PycharmProjects\42_django\lectures\myapp3\urls.py changed, reloading.
INFO 2023-08-24 21:35:11,814 autoreload 2620 17432 Watching for file changes with StatReloader
INFO 2023-08-24 21:35:25,461 autoreload 2620 17432 C:\Users\Nikita\PycharmProjects\42_django\lectures\myapp3\urls.py changed, reloading.
INFO 2023-08-24 21:35:26,199 autoreload 11276 10160 Watching for file changes with StatReloader
INFO 2023-08-24 21:36:01,429 basehttp 11276 13884 "GET /les3 HTTP/1.1" 301 0
INFO 2023-08-24 21:36:01,434 basehttp 11276 16540 "GET /les3/ HTTP/1.1" 200 174
INFO 2023-08-24 21:43:33,914 autoreload 11276 10160 C:\Users\Nikita\PycharmProjects\42_django\lectures\myapp3\views.py changed, reloading.
INFO 2023-08-24 21:43:34,651 autoreload 18388 14688 Watching for file changes with StatReloader
INFO 2023-08-24 21:44:28,097 autoreload 18388 14688 C:\Users\Nikita\PycharmProjects\42_django\lectures\myapp3\views.py changed, reloading.
INFO 2023-08-24 21:44:28,715 autoreload 18408 16148 Watching for file changes with StatReloader
INFO 2023-08-24 21:44:59,827 autoreload 18408 16148 C:\Users\Nikita\PycharmProjects\42_django\lectures\myapp3\views.py changed, reloading.
INFO 2023-08-24 21:45:00,347 autoreload 17348 14896 Watching for file changes with StatReloader
INFO 2023-08-24 21:45:35,646 autoreload 17348 14896 C:\Users\Nikita\PycharmProjects\42_django\lectures\myapp3\views.py changed, reloading.
INFO 2023-08-24 21:45:36,731 autoreload 7124 9468 Watching for file changes with StatReloader
INFO 2023-08-24 21:47:14,096 autoreload 7124 9468 C:\Users\Nikita\PycharmProjects\42_django\lectures\myapp3\urls.py changed, reloading.
INFO 2023-08-24 21:47:14,687 autoreload 7088 17664 Watching for file changes with StatReloader
INFO 2023-08-24 21:47:24,282 autoreload 7088 17664 C:\Users\Nikita\PycharmProjects\42_django\lectures\myapp3\urls.py changed, reloading.
INFO 2023-08-24 21:47:24,887 autoreload 2376 17772 Watching for file changes with StatReloader
INFO 2023-08-24 21:47:55,888 autoreload 2376 17772 C:\Users\Nikita\PycharmProjects\42_django\lectures\myapp3\urls.py changed, reloading.
INFO 2023-08-24 21:47:56,474 autoreload 17168 2760 Watching for file changes with StatReloader
INFO 2023-08-24 21:48:20,658 basehttp 17168 8876 "GET /les3/if HTTP/1.1" 301 0
INFO 2023-08-24 21:48:20,666 basehttp 17168 12104 "GET /les3/if/ HTTP/1.1" 200 352
INFO 2023-08-24 21:54:48,495 autoreload 17168 2760 C:\Users\Nikita\PycharmProjects\42_django\lectures\myapp3\views.py changed, reloading.
INFO 2023-08-24 21:54:49,127 autoreload 15188 11948 Watching for file changes with StatReloader
INFO 2023-08-24 21:55:54,806 autoreload 15188 11948 C:\Users\Nikita\PycharmProjects\42_django\lectures\myapp3\views.py changed, reloading.
INFO 2023-08-24 21:55:55,766 autoreload 14484 15268 Watching for file changes with StatReloader
INFO 2023-08-24 21:57:11,670 autoreload 14484 15268 C:\Users\Nikita\PycharmProjects\42_django\lectures\myapp3\views.py changed, reloading.
INFO 2023-08-24 21:57:12,251 autoreload 10548 8148 Watching for file changes with StatReloader
INFO 2023-08-24 21:57:28,960 autoreload 10548 8148 C:\Users\Nikita\PycharmProjects\42_django\lectures\myapp3\views.py changed, reloading.
INFO 2023-08-24 21:57:29,531 autoreload 11880 17880 Watching for file changes with StatReloader
INFO 2023-08-24 21:58:33,291 autoreload 11880 17880 C:\Users\Nikita\PycharmProjects\42_django\lectures\myapp3\urls.py changed, reloading.
INFO 2023-08-24 21:58:33,903 autoreload 12432 14984 Watching for file changes with StatReloader
INFO 2023-08-24 21:58:42,420 autoreload 12432 14984 C:\Users\Nikita\PycharmProjects\42_django\lectures\myapp3\urls.py changed, reloading.
INFO 2023-08-24 21:58:43,231 autoreload 9408 16516 Watching for file changes with StatReloader
INFO 2023-08-24 21:59:12,526 basehttp 9408 5096 "GET /les3/for HTTP/1.1" 301 0
INFO 2023-08-24 21:59:12,530 basehttp 9408 17436 "GET /les3/for/ HTTP/1.1" 200 1086
INFO 2023-08-24 22:00:08,591 autoreload 9408 16516 C:\Users\Nikita\PycharmProjects\42_django\lectures\myapp3\urls.py changed, reloading.
INFO 2023-08-24 22:00:09,080 autoreload 3024 8912 Watching for file changes with StatReloader
INFO 2023-08-24 22:12:58,556 autoreload 3024 8912 C:\Users\Nikita\PycharmProjects\42_django\lectures\myapp3\views.py changed, reloading.
INFO 2023-08-24 22:12:59,246 autoreload 17084 3584 Watching for file changes with StatReloader
INFO 2023-08-24 22:14:34,710 autoreload 17084 3584 C:\Users\Nikita\PycharmProjects\42_django\lectures\myapp3\urls.py changed, reloading.
INFO 2023-08-24 22:14:35,480 autoreload 10968 7296 Watching for file changes with StatReloader
INFO 2023-08-24 22:14:51,206 basehttp 10968 17540 "GET /les3/index HTTP/1.1" 301 0
INFO 2023-08-24 22:14:51,214 basehttp 10968 13040 "GET /les3/index/ HTTP/1.1" 200 213
INFO 2023-08-24 22:14:58,395 basehttp 10968 13040 "GET /les3/about HTTP/1.1" 301 0
INFO 2023-08-24 22:14:58,397 basehttp 10968 16164 "GET /les3/about/ HTTP/1.1" 200 213
INFO 2023-08-24 22:15:16,003 basehttp 10968 16164 "GET /les3/about/ HTTP/1.1" 200 213
INFO 2023-08-24 22:15:29,901 basehttp 10968 16164 "GET /les3/about/ HTTP/1.1" 200 213
INFO 2023-08-24 22:15:30,357 autoreload 10968 7296 C:\Users\Nikita\PycharmProjects\42_django\lectures\myapp3\views.py changed, reloading.
INFO 2023-08-24 22:15:31,062 autoreload 12716 9864 Watching for file changes with StatReloader
INFO 2023-08-24 22:15:31,264 basehttp 12716 9164 "GET /les3/about/ HTTP/1.1" 200 222
INFO 2023-08-24 22:17:17,723 autoreload 12716 9864 C:\Users\Nikita\PycharmProjects\42_django\lectures\lectures\settings.py changed, reloading.
INFO 2023-08-24 22:17:18,322 autoreload 9508 1456 Watching for file changes with StatReloader
INFO 2023-08-24 22:17:49,313 autoreload 9508 1456 C:\Users\Nikita\PycharmProjects\42_django\lectures\lectures\settings.py changed, reloading.
INFO 2023-08-24 22:17:49,887 autoreload 16728 13576 Watching for file changes with StatReloader
INFO 2023-08-24 22:18:30,051 autoreload 16728 13576 C:\Users\Nikita\PycharmProjects\42_django\lectures\lectures\settings.py changed, reloading.
INFO 2023-08-24 22:18:30,644 autoreload 17912 5208 Watching for file changes with StatReloader
INFO 2023-08-24 22:19:11,997 autoreload 17912 5208 C:\Users\Nikita\PycharmProjects\42_django\lectures\lectures\settings.py changed, reloading.
INFO 2023-08-24 22:19:12,653 autoreload 14296 12448 Watching for file changes with StatReloader
INFO 2023-08-24 22:22:54,452 basehttp 14296 17748 "GET /les3/index/ HTTP/1.1" 200 273
INFO 2023-08-24 22:25:09,680 autoreload 14296 12448 C:\Users\Nikita\PycharmProjects\42_django\lectures\lectures\urls.py changed, reloading.
INFO 2023-08-24 22:25:10,215 autoreload 1900 2632 Watching for file changes with StatReloader
INFO 2023-08-24 22:26:31,263 autoreload 1900 2632 C:\Users\Nikita\PycharmProjects\42_django\lectures\lectures\urls.py changed, reloading.
INFO 2023-08-24 22:26:31,873 autoreload 18324 4924 Watching for file changes with StatReloader
INFO 2023-08-24 22:26:44,265 autoreload 18324 4924 C:\Users\Nikita\PycharmProjects\42_django\lectures\lectures\urls.py changed, reloading.
INFO 2023-08-24 22:26:45,197 autoreload 3636 13268 Watching for file changes with StatReloader
INFO 2023-08-24 22:27:13,383 basehttp 3636 15104 "GET / HTTP/1.1" 200 273
INFO 2023-08-24 22:27:16,469 basehttp 3636 15104 "GET / HTTP/1.1" 200 273
INFO 2023-08-24 22:32:23,839 autoreload 3636 13268 C:\Users\Nikita\PycharmProjects\42_django\lectures\myapp3\models.py changed, reloading.
INFO 2023-08-24 22:32:24,564 autoreload 6296 14652 Watching for file changes with StatReloader
INFO 2023-08-24 22:33:22,273 autoreload 6296 14652 C:\Users\Nikita\PycharmProjects\42_django\lectures\myapp3\models.py changed, reloading.
INFO 2023-08-24 22:33:22,842 autoreload 3732 1500 Watching for file changes with StatReloader
INFO 2023-08-25 00:16:31,989 autoreload 1780 10644 Watching for file changes with StatReloader
WARNING 2023-08-25 00:16:59,008 log 1780 4748 Not Found: /les/author/5
WARNING 2023-08-25 00:16:59,009 basehttp 1780 4748 "GET /les/author/5 HTTP/1.1" 404 2427
INFO 2023-08-25 00:17:09,600 basehttp 1780 4748 "GET /les3/author/5 HTTP/1.1" 301 0
INFO 2023-08-25 00:17:09,613 basehttp 1780 17876 "GET /les3/author/5/ HTTP/1.1" 200 2291
INFO 2023-08-25 00:17:18,740 basehttp 1780 17876 "GET /les3/post/50/ HTTP/1.1" 200 418
INFO 2023-08-25 00:17:24,858 basehttp 1780 17876 "GET /les3/post/49/ HTTP/1.1" 200 437
INFO 2023-08-25 00:17:31,511 basehttp 1780 17876 "GET /les3/post/46/ HTTP/1.1" 200 475
INFO 2023-08-25 00:17:46,101 basehttp 1780 17876 "GET /les3/post/48/ HTTP/1.1" 200 430
INFO 2023-08-27 12:13:22,748 autoreload 4484 1804 Watching for file changes with StatReloader
INFO 2023-08-27 12:14:02,057 basehttp 4484 9880 "GET /les4/user/add HTTP/1.1" 301 0
INFO 2023-08-27 12:14:02,124 basehttp 4484 6896 "GET /les4/user/add/ HTTP/1.1" 200 819
WARNING 2023-08-27 12:14:02,154 log 4484 6896 Not Found: /favicon.ico
WARNING 2023-08-27 12:14:02,155 basehttp 4484 6896 "GET /favicon.ico HTTP/1.1" 404 2529
INFO 2023-08-27 12:23:09,970 basehttp 4484 8368 "GET /les4/user/add/ HTTP/1.1" 200 1781
INFO 2023-08-27 12:23:12,332 basehttp 4484 8368 "GET /les4/user/add/ HTTP/1.1" 200 1781
INFO 2023-08-27 12:25:42,335 basehttp 4484 8368 "POST /les4/user/add/ HTTP/1.1" 200 1819
INFO 2023-08-27 12:25:45,522 basehttp 4484 8368 "POST /les4/user/add/ HTTP/1.1" 200 1819
INFO 2023-08-27 12:28:29,538 basehttp 4484 8368 "POST /les4/user/add/ HTTP/1.1" 200 1819
INFO 2023-08-27 12:28:29,751 autoreload 4484 1804 C:\Users\Nikita\PycharmProjects\42_django\lectures\myapp4\views.py changed, reloading.
INFO 2023-08-27 12:28:30,771 autoreload 244 12852 Watching for file changes with StatReloader
INFO 2023-08-27 12:28:38,282 basehttp 244 1240 "POST /les4/user/add/ HTTP/1.1" 200 1819
INFO 2023-08-27 12:28:40,478 basehttp 244 1240 "POST /les4/user/add/ HTTP/1.1" 200 1819
INFO 2023-08-27 12:28:41,615 basehttp 244 1240 "POST /les4/user/add/ HTTP/1.1" 200 1819
INFO 2023-08-27 12:28:42,600 basehttp 244 1240 "POST /les4/user/add/ HTTP/1.1" 200 1819
INFO 2023-08-27 12:29:24,540 autoreload 244 12852 C:\Users\Nikita\PycharmProjects\42_django\lectures\myapp4\views.py changed, reloading.
INFO 2023-08-27 12:29:25,377 autoreload 2420 1480 Watching for file changes with StatReloader
INFO 2023-08-27 12:43:37,699 autoreload 2420 1480 C:\Users\Nikita\PycharmProjects\42_django\lectures\myapp4\forms.py changed, reloading.
INFO 2023-08-27 12:43:38,530 autoreload 9760 7140 Watching for file changes with StatReloader
INFO 2023-08-27 12:44:46,792 autoreload 9760 7140 C:\Users\Nikita\PycharmProjects\42_django\lectures\myapp4\forms.py changed, reloading.
INFO 2023-08-27 12:44:47,600 autoreload 9004 11508 Watching for file changes with StatReloader
INFO 2023-08-27 12:45:43,250 autoreload 9004 11508 C:\Users\Nikita\PycharmProjects\42_django\lectures\myapp4\forms.py changed, reloading.
INFO 2023-08-27 12:45:44,435 autoreload 5880 5832 Watching for file changes with StatReloader
INFO 2023-08-27 12:46:58,388 autoreload 5880 5832 C:\Users\Nikita\PycharmProjects\42_django\lectures\myapp4\forms.py changed, reloading.
INFO 2023-08-27 12:46:59,428 autoreload 11176 4484 Watching for file changes with StatReloader
INFO 2023-08-27 12:48:00,268 autoreload 11176 4484 C:\Users\Nikita\PycharmProjects\42_django\lectures\myapp4\forms.py changed, reloading.
INFO 2023-08-27 12:48:00,951 autoreload 4632 3196 Watching for file changes with StatReloader
INFO 2023-08-27 12:48:39,222 autoreload 4632 3196 C:\Users\Nikita\PycharmProjects\42_django\lectures\myapp4\forms.py changed, reloading.
INFO 2023-08-27 12:48:40,379 autoreload 664 14592 Watching for file changes with StatReloader
INFO 2023-08-27 12:49:05,386 autoreload 664 14592 C:\Users\Nikita\PycharmProjects\42_django\lectures\myapp4\views.py changed, reloading.
INFO 2023-08-27 12:49:06,232 autoreload 8688 14744 Watching for file changes with StatReloader
INFO 2023-08-27 12:49:17,871 autoreload 8688 14744 C:\Users\Nikita\PycharmProjects\42_django\lectures\myapp4\views.py changed, reloading.
INFO 2023-08-27 12:49:18,720 autoreload 15220 9768 Watching for file changes with StatReloader
INFO 2023-08-27 12:51:00,253 autoreload 15220 9768 C:\Users\Nikita\PycharmProjects\42_django\lectures\myapp4\views.py changed, reloading.
INFO 2023-08-27 12:51:01,221 autoreload 14624 13460 Watching for file changes with StatReloader
INFO 2023-08-27 12:51:47,633 autoreload 14624 13460 C:\Users\Nikita\PycharmProjects\42_django\lectures\myapp4\views.py changed, reloading.
INFO 2023-08-27 12:51:48,553 autoreload 8972 8012 Watching for file changes with StatReloader
INFO 2023-08-27 12:59:09,068 autoreload 8972 8012 C:\Users\Nikita\PycharmProjects\42_django\lectures\myapp4\urls.py changed, reloading.
INFO 2023-08-27 12:59:10,429 autoreload 1720 7560 Watching for file changes with StatReloader
INFO 2023-08-27 13:02:14,037 basehttp 1720 6424 "GET /les4/forms/ HTTP/1.1" 200 1580
INFO 2023-08-27 13:02:52,911 basehttp 1720 6424 "POST /les4/forms/ HTTP/1.1" 200 1648
INFO 2023-08-27 13:17:04,880 autoreload 1720 7560 C:\Users\Nikita\PycharmProjects\42_django\lectures\myapp4\forms.py changed, reloading.
INFO 2023-08-27 13:17:05,724 autoreload 10700 11684 Watching for file changes with StatReloader
INFO 2023-08-27 13:18:18,788 autoreload 10700 11684 C:\Users\Nikita\PycharmProjects\42_django\lectures\myapp4\forms.py changed, reloading.
INFO 2023-08-27 13:18:19,992 autoreload 8672 14484 Watching for file changes with StatReloader
INFO 2023-08-27 13:19:35,962 autoreload 8672 14484 C:\Users\Nikita\PycharmProjects\42_django\lectures\myapp4\forms.py changed, reloading.
INFO 2023-08-27 13:19:37,232 autoreload 9612 14516 Watching for file changes with StatReloader
INFO 2023-08-27 13:20:12,455 autoreload 9612 14516 C:\Users\Nikita\PycharmProjects\42_django\lectures\myapp4\forms.py changed, reloading.
INFO 2023-08-27 13:20:13,264 autoreload 7260 6392 Watching for file changes with StatReloader
INFO 2023-08-27 13:21:06,826 autoreload 7260 6392 C:\Users\Nikita\PycharmProjects\42_django\lectures\myapp4\forms.py changed, reloading.
INFO 2023-08-27 13:21:07,544 autoreload 4028 13444 Watching for file changes with StatReloader
INFO 2023-08-27 13:21:18,264 autoreload 4028 13444 C:\Users\Nikita\PycharmProjects\42_django\lectures\myapp4\forms.py changed, reloading.
INFO 2023-08-27 13:21:19,061 autoreload 8624 1324 Watching for file changes with StatReloader
INFO 2023-08-27 13:22:18,964 autoreload 8624 1324 C:\Users\Nikita\PycharmProjects\42_django\lectures\myapp4\views.py changed, reloading.
INFO 2023-08-27 13:22:19,730 autoreload 2068 2604 Watching for file changes with StatReloader
INFO 2023-08-27 13:23:17,322 autoreload 2068 2604 C:\Users\Nikita\PycharmProjects\42_django\lectures\myapp4\views.py changed, reloading.
INFO 2023-08-27 13:23:18,421 autoreload 14740 1728 Watching for file changes with StatReloader
INFO 2023-08-27 13:24:03,764 autoreload 14740 1728 C:\Users\Nikita\PycharmProjects\42_django\lectures\myapp4\views.py changed, reloading.
INFO 2023-08-27 13:24:04,555 autoreload 12912 6844 Watching for file changes with StatReloader
WARNING 2023-08-27 13:24:21,737 log 12912 2912 Not Found: /store/get_products/65/month/
WARNING 2023-08-27 13:24:21,738 basehttp 12912 2912 "GET /store/get_products/65/month/ HTTP/1.1" 404 2580
INFO 2023-08-27 13:24:26,099 basehttp 12912 2912 "POST /les4/forms/ HTTP/1.1" 200 2327
INFO 2023-08-27 13:24:32,158 basehttp 12912 2912 "POST /les4/forms/ HTTP/1.1" 200 2327
INFO 2023-08-27 13:25:39,460 basehttp 12912 2912 "POST /les4/forms/ HTTP/1.1" 200 2272
INFO 2023-08-27 13:27:07,364 autoreload 12912 6844 C:\Users\Nikita\PycharmProjects\42_django\lectures\myapp4\forms.py changed, reloading.
INFO 2023-08-27 13:27:08,229 autoreload 11260 3096 Watching for file changes with StatReloader
INFO 2023-08-27 13:27:23,691 autoreload 11260 3096 C:\Users\Nikita\PycharmProjects\42_django\lectures\myapp4\forms.py changed, reloading.
INFO 2023-08-27 13:27:24,414 autoreload 5248 13892 Watching for file changes with StatReloader
INFO 2023-08-27 13:27:24,718 basehttp 5248 9200 "POST /les4/forms/ HTTP/1.1" 200 2272
INFO 2023-08-27 13:27:28,267 basehttp 5248 9200 "POST /les4/forms/ HTTP/1.1" 200 2272
INFO 2023-08-27 13:27:50,361 autoreload 5248 13892 C:\Users\Nikita\PycharmProjects\42_django\lectures\myapp4\forms.py changed, reloading.
INFO 2023-08-27 13:27:51,364 autoreload 5584 14844 Watching for file changes with StatReloader
INFO 2023-08-27 13:27:51,705 basehttp 5584 7848 "POST /les4/forms/ HTTP/1.1" 200 2272
INFO 2023-08-27 13:28:46,981 autoreload 5584 14844 C:\Users\Nikita\PycharmProjects\42_django\lectures\myapp4\forms.py changed, reloading.
INFO 2023-08-27 13:28:47,769 autoreload 15296 5100 Watching for file changes with StatReloader
INFO 2023-08-27 13:33:15,760 autoreload 15296 5100 C:\Users\Nikita\PycharmProjects\42_django\lectures\myapp4\forms.py changed, reloading.
INFO 2023-08-27 13:33:16,420 autoreload 1916 12912 Watching for file changes with StatReloader
INFO 2023-08-27 13:35:08,449 autoreload 1916 12912 C:\Users\Nikita\PycharmProjects\42_django\lectures\myapp4\forms.py changed, reloading.
INFO 2023-08-27 13:35:09,233 autoreload 15236 14988 Watching for file changes with StatReloader
INFO 2023-08-27 13:36:31,805 autoreload 15236 14988 C:\Users\Nikita\PycharmProjects\42_django\lectures\myapp4\forms.py changed, reloading.
INFO 2023-08-27 13:36:32,735 autoreload 13444 14748 Watching for file changes with StatReloader
INFO 2023-08-27 13:40:02,880 autoreload 13444 14748 C:\Users\Nikita\PycharmProjects\42_django\lectures\myapp4\models.py changed, reloading.
INFO 2023-08-27 13:40:04,038 autoreload 892 10472 Watching for file changes with StatReloader
INFO 2023-08-27 13:48:23,495 autoreload 3004 6436 Watching for file changes with StatReloader
INFO 2023-08-27 13:48:52,309 basehttp 3004 3488 "GET /les4/user/ HTTP/1.1" 200 1798
INFO 2023-08-27 13:49:53,994 basehttp 3004 3488 "POST /les4/user/ HTTP/1.1" 200 1940
INFO 2023-08-27 13:50:01,074 basehttp 3004 3488 "POST /les4/user/ HTTP/1.1" 200 2044
INFO 2023-08-27 13:50:09,180 basehttp 3004 3488 "POST /les4/user/ HTTP/1.1" 200 1940
INFO 2023-08-27 13:50:25,696 basehttp 3004 3488 "POST /les4/user/ HTTP/1.1" 200 1862
INFO 2023-08-27 13:53:06,329 autoreload 3004 6436 C:\Users\Nikita\PycharmProjects\42_django\lectures\myapp4\forms.py changed, reloading.
INFO 2023-08-27 13:53:07,039 autoreload 1328 1548 Watching for file changes with StatReloader
INFO 2023-08-27 13:53:30,926 autoreload 1328 1548 C:\Users\Nikita\PycharmProjects\42_django\lectures\myapp4\forms.py changed, reloading.
INFO 2023-08-27 13:53:31,943 autoreload 5952 9700 Watching for file changes with StatReloader
INFO 2023-08-27 13:55:54,474 autoreload 5952 9700 C:\Users\Nikita\PycharmProjects\42_django\lectures\lectures\settings.py changed, reloading.
INFO 2023-08-27 13:55:55,416 autoreload 9676 2956 Watching for file changes with StatReloader
INFO 2023-08-27 13:56:07,072 autoreload 9676 2956 C:\Users\Nikita\PycharmProjects\42_django\lectures\lectures\settings.py changed, reloading.
INFO 2023-08-27 13:56:07,937 autoreload 9416 14432 Watching for file changes with StatReloader
INFO 2023-08-27 13:56:24,743 autoreload 9416 14432 C:\Users\Nikita\PycharmProjects\42_django\lectures\lectures\settings.py changed, reloading.
INFO 2023-08-27 13:56:25,937 autoreload 9592 5752 Watching for file changes with StatReloader
INFO 2023-08-27 13:56:58,059 autoreload 9592 5752 C:\Users\Nikita\PycharmProjects\42_django\lectures\lectures\settings.py changed, reloading.
INFO 2023-08-27 13:56:58,983 autoreload 3352 6364 Watching for file changes with StatReloader
INFO 2023-08-27 13:57:56,591 autoreload 3352 6364 C:\Users\Nikita\PycharmProjects\42_django\lectures\lectures\settings.py changed, reloading.
INFO 2023-08-27 13:57:57,588 autoreload 9376 11936 Watching for file changes with StatReloader
INFO 2023-08-27 13:58:40,019 autoreload 9376 11936 C:\Users\Nikita\PycharmProjects\42_django\lectures\lectures\settings.py changed, reloading.
INFO 2023-08-27 13:58:40,810 autoreload 11300 4736 Watching for file changes with StatReloader
INFO 2023-08-27 13:58:54,503 autoreload 11300 4736 C:\Users\Nikita\PycharmProjects\42_django\lectures\myapp4\views.py changed, reloading.
INFO 2023-08-27 13:58:55,153 autoreload 14900 14828 Watching for file changes with StatReloader
INFO 2023-08-27 14:00:07,087 autoreload 14900 14828 C:\Users\Nikita\PycharmProjects\42_django\lectures\myapp4\views.py changed, reloading.
INFO 2023-08-27 14:00:07,841 autoreload 14488 4796 Watching for file changes with StatReloader
INFO 2023-08-27 14:00:36,866 autoreload 14488 4796 C:\Users\Nikita\PycharmProjects\42_django\lectures\myapp4\views.py changed, reloading.
INFO 2023-08-27 14:00:37,879 autoreload 7704 1580 Watching for file changes with StatReloader
INFO 2023-08-27 14:00:52,672 autoreload 7704 1580 C:\Users\Nikita\PycharmProjects\42_django\lectures\myapp4\views.py changed, reloading.
INFO 2023-08-27 14:00:53,486 autoreload 7572 10196 Watching for file changes with StatReloader
INFO 2023-08-27 14:01:34,897 autoreload 7572 10196 C:\Users\Nikita\PycharmProjects\42_django\lectures\myapp4\views.py changed, reloading.
INFO 2023-08-27 14:01:35,795 autoreload 3368 6532 Watching for file changes with StatReloader
INFO 2023-08-27 14:02:18,066 autoreload 3368 6532 C:\Users\Nikita\PycharmProjects\42_django\lectures\myapp4\views.py changed, reloading.
INFO 2023-08-27 14:02:18,998 autoreload 2380 7304 Watching for file changes with StatReloader
INFO 2023-08-27 14:02:47,131 autoreload 2380 7304 C:\Users\Nikita\PycharmProjects\42_django\lectures\myapp4\views.py changed, reloading.
INFO 2023-08-27 14:02:47,784 autoreload 2252 14520 Watching for file changes with StatReloader
INFO 2023-08-27 14:03:10,666 autoreload 2252 14520 C:\Users\Nikita\PycharmProjects\42_django\lectures\myapp4\views.py changed, reloading.
INFO 2023-08-27 14:03:11,505 autoreload 10692 5020 Watching for file changes with StatReloader
INFO 2023-08-27 14:03:32,542 autoreload 10692 5020 C:\Users\Nikita\PycharmProjects\42_django\lectures\myapp4\views.py changed, reloading.
INFO 2023-08-27 14:03:33,496 autoreload 8068 12528 Watching for file changes with StatReloader
INFO 2023-08-27 14:03:42,095 autoreload 8068 12528 C:\Users\Nikita\PycharmProjects\42_django\lectures\myapp4\views.py changed, reloading.
INFO 2023-08-27 14:03:42,724 autoreload 1152 2224 Watching for file changes with StatReloader
INFO 2023-08-27 14:04:01,510 autoreload 1152 2224 C:\Users\Nikita\PycharmProjects\42_django\lectures\myapp4\views.py changed, reloading.
INFO 2023-08-27 14:04:02,246 autoreload 8096 8916 Watching for file changes with StatReloader
INFO 2023-08-27 14:04:10,924 autoreload 8096 8916 C:\Users\Nikita\PycharmProjects\42_django\lectures\myapp4\views.py changed, reloading.
INFO 2023-08-27 14:04:11,824 autoreload 8244 10708 Watching for file changes with StatReloader
INFO 2023-08-27 14:04:30,738 autoreload 8244 10708 C:\Users\Nikita\PycharmProjects\42_django\lectures\myapp4\views.py changed, reloading.
INFO 2023-08-27 14:04:31,571 autoreload 6684 5824 Watching for file changes with StatReloader
INFO 2023-08-27 14:05:51,649 autoreload 6684 5824 C:\Users\Nikita\PycharmProjects\42_django\lectures\myapp4\urls.py changed, reloading.
INFO 2023-08-27 14:05:52,336 autoreload 10716 14456 Watching for file changes with StatReloader
INFO 2023-08-27 14:06:01,991 autoreload 10716 14456 C:\Users\Nikita\PycharmProjects\42_django\lectures\myapp4\urls.py changed, reloading.
INFO 2023-08-27 14:06:02,762 autoreload 4824 12076 Watching for file changes with StatReloader
INFO 2023-08-27 14:09:29,554 basehttp 4824 14944 "GET /les4/upload/ HTTP/1.1" 200 779
INFO 2023-08-27 14:10:33,324 basehttp 4824 14944 "POST /les4/upload/ HTTP/1.1" 200 779
INFO 2023-08-31 21:34:08,383 autoreload 21436 21700 Watching for file changes with StatReloader
INFO 2023-08-31 21:34:13,570 basehttp 21436 19612 "GET / HTTP/1.1" 200 273
INFO 2023-08-31 21:35:11,399 basehttp 21436 19612 "GET /admin HTTP/1.1" 301 0
INFO 2023-08-31 21:35:11,410 basehttp 21436 15864 "GET /admin/ HTTP/1.1" 302 0
INFO 2023-08-31 21:35:11,511 basehttp 21436 15864 "GET /admin/login/?next=/admin/ HTTP/1.1" 200 4181
INFO 2023-08-31 21:35:11,678 basehttp 21436 15864 "GET /static/admin/css/base.css HTTP/1.1" 200 21207
INFO 2023-08-31 21:35:11,689 basehttp 21436 18484 "GET /static/admin/css/responsive.css HTTP/1.1" 200 18533
INFO 2023-08-31 21:35:11,690 basehttp 21436 2420 "GET /static/admin/css/login.css HTTP/1.1" 200 958
INFO 2023-08-31 21:35:11,696 basehttp 21436 13020 "GET /static/admin/css/nav_sidebar.css HTTP/1.1" 200 2694
INFO 2023-08-31 21:35:11,700 basehttp 21436 3232 "GET /static/admin/css/dark_mode.css HTTP/1.1" 200 2929
INFO 2023-08-31 21:35:11,705 basehttp 21436 21032 "GET /static/admin/js/theme.js HTTP/1.1" 200 1943
INFO 2023-08-31 21:35:11,705 basehttp 21436 15864 "GET /static/admin/js/nav_sidebar.js HTTP/1.1" 200 3063
INFO 2023-08-31 21:37:13,707 autoreload 21436 21700 C:\Users\Nikita\PycharmProjects\42_django\lectures\lectures\settings.py changed, reloading.
INFO 2023-08-31 21:37:14,389 autoreload 15772 17944 Watching for file changes with StatReloader
INFO 2023-08-31 21:37:39,017 basehttp 15772 2644 "GET /admin/login/?next=/admin/ HTTP/1.1" 200 4267
INFO 2023-08-31 21:47:29,019 autoreload 19760 20972 Watching for file changes with StatReloader
ERROR 2023-08-31 21:47:50,886 log 19760 12344 Internal Server Error: /admin/login/
Traceback (most recent call last):
  File "C:\Users\Nikita\PycharmProjects\42_django\venv\Lib\site-packages\django\db\backends\base\base.py", line 313, in _commit
    return self.connection.commit()
           ^^^^^^^^^^^^^^^^^^^^^^^^
sqlite3.OperationalError: database is locked

The above exception was the direct cause of the following exception:

Traceback (most recent call last):
  File "C:\Users\Nikita\PycharmProjects\42_django\venv\Lib\site-packages\django\core\handlers\exception.py", line 55, in inner
    response = get_response(request)
               ^^^^^^^^^^^^^^^^^^^^^
  File "C:\Users\Nikita\PycharmProjects\42_django\venv\Lib\site-packages\django\core\handlers\base.py", line 197, in _get_response
    response = wrapped_callback(request, *callback_args, **callback_kwargs)
               ^^^^^^^^^^^^^^^^^^^^^^^^^^^^^^^^^^^^^^^^^^^^^^^^^^^^^^^^^^^^
  File "C:\Users\Nikita\PycharmProjects\42_django\venv\Lib\site-packages\django\utils\decorators.py", line 46, in _wrapper
    return bound_method(*args, **kwargs)
           ^^^^^^^^^^^^^^^^^^^^^^^^^^^^^
  File "C:\Users\Nikita\PycharmProjects\42_django\venv\Lib\site-packages\django\views\decorators\cache.py", line 62, in _wrapper_view_func
    response = view_func(request, *args, **kwargs)
               ^^^^^^^^^^^^^^^^^^^^^^^^^^^^^^^^^^^
  File "C:\Users\Nikita\PycharmProjects\42_django\venv\Lib\site-packages\django\contrib\admin\sites.py", line 441, in login
    return LoginView.as_view(**defaults)(request)
           ^^^^^^^^^^^^^^^^^^^^^^^^^^^^^^^^^^^^^^
  File "C:\Users\Nikita\PycharmProjects\42_django\venv\Lib\site-packages\django\views\generic\base.py", line 104, in view
    return self.dispatch(request, *args, **kwargs)
           ^^^^^^^^^^^^^^^^^^^^^^^^^^^^^^^^^^^^^^^
  File "C:\Users\Nikita\PycharmProjects\42_django\venv\Lib\site-packages\django\utils\decorators.py", line 46, in _wrapper
    return bound_method(*args, **kwargs)
           ^^^^^^^^^^^^^^^^^^^^^^^^^^^^^
  File "C:\Users\Nikita\PycharmProjects\42_django\venv\Lib\site-packages\django\views\decorators\debug.py", line 92, in sensitive_post_parameters_wrapper
    return view(request, *args, **kwargs)
           ^^^^^^^^^^^^^^^^^^^^^^^^^^^^^^
  File "C:\Users\Nikita\PycharmProjects\42_django\venv\Lib\site-packages\django\utils\decorators.py", line 46, in _wrapper
    return bound_method(*args, **kwargs)
           ^^^^^^^^^^^^^^^^^^^^^^^^^^^^^
  File "C:\Users\Nikita\PycharmProjects\42_django\venv\Lib\site-packages\django\utils\decorators.py", line 134, in _wrapper_view
    response = view_func(request, *args, **kwargs)
               ^^^^^^^^^^^^^^^^^^^^^^^^^^^^^^^^^^^
  File "C:\Users\Nikita\PycharmProjects\42_django\venv\Lib\site-packages\django\utils\decorators.py", line 46, in _wrapper
    return bound_method(*args, **kwargs)
           ^^^^^^^^^^^^^^^^^^^^^^^^^^^^^
  File "C:\Users\Nikita\PycharmProjects\42_django\venv\Lib\site-packages\django\views\decorators\cache.py", line 62, in _wrapper_view_func
    response = view_func(request, *args, **kwargs)
               ^^^^^^^^^^^^^^^^^^^^^^^^^^^^^^^^^^^
  File "C:\Users\Nikita\PycharmProjects\42_django\venv\Lib\site-packages\django\contrib\auth\views.py", line 90, in dispatch
    return super().dispatch(request, *args, **kwargs)
           ^^^^^^^^^^^^^^^^^^^^^^^^^^^^^^^^^^^^^^^^^^
  File "C:\Users\Nikita\PycharmProjects\42_django\venv\Lib\site-packages\django\views\generic\base.py", line 143, in dispatch
    return handler(request, *args, **kwargs)
           ^^^^^^^^^^^^^^^^^^^^^^^^^^^^^^^^^
  File "C:\Users\Nikita\PycharmProjects\42_django\venv\Lib\site-packages\django\views\generic\edit.py", line 153, in post
    return self.form_valid(form)
           ^^^^^^^^^^^^^^^^^^^^^
  File "C:\Users\Nikita\PycharmProjects\42_django\venv\Lib\site-packages\django\contrib\auth\views.py", line 109, in form_valid
    auth_login(self.request, form.get_user())
  File "C:\Users\Nikita\PycharmProjects\42_django\venv\Lib\site-packages\django\contrib\auth\__init__.py", line 118, in login
    request.session.cycle_key()
  File "C:\Users\Nikita\PycharmProjects\42_django\venv\Lib\site-packages\django\contrib\sessions\backends\base.py", line 304, in cycle_key
    self.create()
  File "C:\Users\Nikita\PycharmProjects\42_django\venv\Lib\site-packages\django\contrib\sessions\backends\db.py", line 54, in create
    self.save(must_create=True)
  File "C:\Users\Nikita\PycharmProjects\42_django\venv\Lib\site-packages\django\contrib\sessions\backends\db.py", line 85, in save
    with transaction.atomic(using=using):
  File "C:\Users\Nikita\PycharmProjects\42_django\venv\Lib\site-packages\django\db\transaction.py", line 263, in __exit__
    connection.commit()
  File "C:\Users\Nikita\PycharmProjects\42_django\venv\Lib\site-packages\django\utils\asyncio.py", line 26, in inner
    return func(*args, **kwargs)
           ^^^^^^^^^^^^^^^^^^^^^
  File "C:\Users\Nikita\PycharmProjects\42_django\venv\Lib\site-packages\django\db\backends\base\base.py", line 337, in commit
    self._commit()
  File "C:\Users\Nikita\PycharmProjects\42_django\venv\Lib\site-packages\django\db\backends\base\base.py", line 312, in _commit
    with debug_transaction(self, "COMMIT"), self.wrap_database_errors:
  File "C:\Users\Nikita\PycharmProjects\42_django\venv\Lib\site-packages\django\db\utils.py", line 91, in __exit__
    raise dj_exc_value.with_traceback(traceback) from exc_value
  File "C:\Users\Nikita\PycharmProjects\42_django\venv\Lib\site-packages\django\db\backends\base\base.py", line 313, in _commit
    return self.connection.commit()
           ^^^^^^^^^^^^^^^^^^^^^^^^
django.db.utils.OperationalError: database is locked
ERROR 2023-08-31 21:47:50,895 basehttp 19760 12344 "POST /admin/login/?next=/admin/ HTTP/1.1" 500 179897
INFO 2023-08-31 21:48:02,768 basehttp 19760 12344 "GET /admin/login/?next=/admin/ HTTP/1.1" 200 4267
INFO 2023-08-31 21:48:08,068 basehttp 19760 12344 "POST /admin/login/?next=/admin/ HTTP/1.1" 302 0
INFO 2023-08-31 21:48:08,097 basehttp 19760 12344 "GET /admin/ HTTP/1.1" 200 5852
INFO 2023-08-31 21:48:08,159 basehttp 19760 12344 "GET /static/admin/css/dashboard.css HTTP/1.1" 200 441
INFO 2023-08-31 21:48:08,170 basehttp 19760 11300 "GET /static/admin/img/icon-changelink.svg HTTP/1.1" 200 380
INFO 2023-08-31 21:48:08,170 basehttp 19760 12344 "GET /static/admin/img/icon-addlink.svg HTTP/1.1" 200 331
INFO 2023-08-31 21:48:27,699 basehttp 19760 12344 "GET / HTTP/1.1" 200 273
INFO 2023-08-31 21:49:58,775 basehttp 19760 12344 "GET /admin/auth/user/ HTTP/1.1" 200 11305
INFO 2023-08-31 21:49:58,823 basehttp 19760 12344 "GET /static/admin/css/changelists.css HTTP/1.1" 200 6566
INFO 2023-08-31 21:49:58,841 basehttp 19760 11300 "GET /admin/jsi18n/ HTTP/1.1" 200 16066
INFO 2023-08-31 21:49:58,850 basehttp 19760 6472 "GET /static/admin/js/jquery.init.js HTTP/1.1" 200 347
INFO 2023-08-31 21:49:58,859 basehttp 19760 17640 "GET /static/admin/js/core.js HTTP/1.1" 200 5682
INFO 2023-08-31 21:49:58,868 basehttp 19760 16272 "GET /static/admin/js/admin/RelatedObjectLookups.js HTTP/1.1" 200 8943
INFO 2023-08-31 21:49:58,869 basehttp 19760 12344 "GET /static/admin/js/actions.js HTTP/1.1" 200 7872
INFO 2023-08-31 21:49:58,883 basehttp 19760 6472 "GET /static/admin/js/prepopulate.js HTTP/1.1" 200 1531
INFO 2023-08-31 21:49:58,884 basehttp 19760 11300 "GET /static/admin/js/urlify.js HTTP/1.1" 200 7887
INFO 2023-08-31 21:49:58,931 basehttp 19760 16664 "GET /static/admin/js/vendor/jquery/jquery.js HTTP/1.1" 200 292458
INFO 2023-08-31 21:49:58,962 basehttp 19760 16664 "GET /static/admin/js/filters.js HTTP/1.1" 200 978
INFO 2023-08-31 21:49:58,972 basehttp 19760 17640 "GET /static/admin/js/vendor/xregexp/xregexp.js HTTP/1.1" 200 232381
INFO 2023-08-31 21:49:58,984 basehttp 19760 16664 "GET /static/admin/img/search.svg HTTP/1.1" 200 458
INFO 2023-08-31 21:49:58,996 basehttp 19760 16664 "GET /static/admin/img/icon-yes.svg HTTP/1.1" 200 436
INFO 2023-08-31 21:49:59,302 basehttp 19760 17640 "GET /static/admin/img/tooltag-add.svg HTTP/1.1" 200 331
INFO 2023-08-31 21:49:59,304 basehttp 19760 16664 "GET /static/admin/img/sorting-icons.svg HTTP/1.1" 200 1097
INFO 2023-08-31 21:50:27,498 basehttp 19760 16664 "GET /admin/auth/user/add/ HTTP/1.1" 200 10988
INFO 2023-08-31 21:50:27,520 basehttp 19760 11300 "GET /admin/jsi18n/ HTTP/1.1" 200 16066
INFO 2023-08-31 21:50:27,524 basehttp 19760 16664 "GET /static/admin/css/forms.css HTTP/1.1" 200 9047
INFO 2023-08-31 21:50:27,528 basehttp 19760 17640 "GET /static/admin/js/prepopulate_init.js HTTP/1.1" 200 586
INFO 2023-08-31 21:50:27,537 basehttp 19760 11300 "GET /static/admin/css/widgets.css HTTP/1.1" 200 11900
INFO 2023-08-31 21:50:27,542 basehttp 19760 16664 "GET /static/admin/js/change_form.js HTTP/1.1" 200 606
INFO 2023-08-31 21:51:45,228 basehttp 19760 16664 "POST /admin/auth/user/add/ HTTP/1.1" 200 11464
INFO 2023-08-31 21:51:45,270 basehttp 19760 16664 "GET /admin/jsi18n/ HTTP/1.1" 200 16066
INFO 2023-08-31 21:52:42,118 basehttp 19760 16664 "POST /admin/auth/user/add/ HTTP/1.1" 302 0
INFO 2023-08-31 21:52:42,193 basehttp 19760 16664 "GET /admin/auth/user/2/change/ HTTP/1.1" 200 23920
INFO 2023-08-31 21:52:42,215 basehttp 19760 16664 "GET /admin/jsi18n/ HTTP/1.1" 200 16066
INFO 2023-08-31 21:52:42,233 basehttp 19760 11300 "GET /static/admin/js/calendar.js HTTP/1.1" 200 8466
INFO 2023-08-31 21:52:42,234 basehttp 19760 16272 "GET /static/admin/js/SelectFilter2.js HTTP/1.1" 200 15292
INFO 2023-08-31 21:52:42,234 basehttp 19760 6472 "GET /static/admin/js/SelectBox.js HTTP/1.1" 200 4530
INFO 2023-08-31 21:52:42,237 basehttp 19760 17640 "GET /static/admin/js/admin/DateTimeShortcuts.js HTTP/1.1" 200 19319
INFO 2023-08-31 21:52:42,288 basehttp 19760 17640 "GET /static/admin/img/icon-unknown.svg HTTP/1.1" 200 655
INFO 2023-08-31 21:52:42,291 basehttp 19760 16272 "GET /static/admin/img/icon-unknown-alt.svg HTTP/1.1" 200 655
INFO 2023-08-31 21:52:42,293 basehttp 19760 11300 "GET /static/admin/img/icon-calendar.svg HTTP/1.1" 200 1086
INFO 2023-08-31 21:52:42,293 basehttp 19760 6472 "GET /static/admin/img/selector-icons.svg HTTP/1.1" 200 3291
INFO 2023-08-31 21:52:42,293 basehttp 19760 16664 "GET /static/admin/img/icon-clock.svg HTTP/1.1" 200 677
INFO 2023-08-31 21:55:09,144 basehttp 19760 16664 "POST /admin/auth/user/2/change/ HTTP/1.1" 302 0
INFO 2023-08-31 21:55:09,163 basehttp 19760 16664 "GET /admin/auth/user/ HTTP/1.1" 200 11933
INFO 2023-08-31 21:55:09,194 basehttp 19760 16664 "GET /admin/jsi18n/ HTTP/1.1" 200 16066
INFO 2023-08-31 21:55:15,363 basehttp 19760 16664 "GET /admin/auth/group/ HTTP/1.1" 200 7641
INFO 2023-08-31 21:55:15,380 basehttp 19760 16664 "GET /admin/jsi18n/ HTTP/1.1" 200 16066
INFO 2023-08-31 21:55:24,272 basehttp 19760 16664 "GET /admin/auth/group/add/ HTTP/1.1" 200 13314
INFO 2023-08-31 21:55:24,295 basehttp 19760 16664 "GET /admin/jsi18n/ HTTP/1.1" 200 16066
INFO 2023-08-31 21:56:29,643 basehttp 19760 16664 "POST /admin/auth/group/add/ HTTP/1.1" 302 0
INFO 2023-08-31 21:56:29,665 basehttp 19760 16664 "GET /admin/auth/group/ HTTP/1.1" 200 9114
INFO 2023-08-31 21:56:29,695 basehttp 19760 16664 "GET /admin/jsi18n/ HTTP/1.1" 200 16066
INFO 2023-08-31 21:56:34,180 basehttp 19760 16664 "GET /admin/auth/user/ HTTP/1.1" 200 12019
INFO 2023-08-31 21:56:34,202 basehttp 19760 16664 "GET /admin/jsi18n/ HTTP/1.1" 200 16066
INFO 2023-08-31 21:56:36,246 basehttp 19760 16664 "GET /admin/auth/user/2/change/ HTTP/1.1" 200 23717
INFO 2023-08-31 21:56:36,261 basehttp 19760 16664 "GET /admin/jsi18n/ HTTP/1.1" 200 16066
INFO 2023-08-31 21:57:07,485 basehttp 19760 16664 "POST /admin/auth/user/2/change/ HTTP/1.1" 302 0
INFO 2023-08-31 21:57:07,499 basehttp 19760 16664 "GET /admin/auth/user/ HTTP/1.1" 200 12239
INFO 2023-08-31 21:57:07,529 basehttp 19760 16664 "GET /admin/jsi18n/ HTTP/1.1" 200 16066
INFO 2023-08-31 21:57:20,462 basehttp 19760 16664 "POST /admin/logout/ HTTP/1.1" 200 3709
INFO 2023-08-31 21:57:23,205 basehttp 19760 16664 "GET /admin/ HTTP/1.1" 302 0
INFO 2023-08-31 21:57:23,212 basehttp 19760 16664 "GET /admin/login/?next=/admin/ HTTP/1.1" 200 4267
INFO 2023-08-31 21:57:23,236 basehttp 19760 16664 "GET /static/admin/css/login.css HTTP/1.1" 200 958
INFO 2023-08-31 21:57:36,296 basehttp 19760 16664 "POST /admin/login/?next=/admin/ HTTP/1.1" 302 0
INFO 2023-08-31 21:57:36,305 basehttp 19760 16664 "GET /admin/ HTTP/1.1" 200 4819
INFO 2023-08-31 22:01:02,021 autoreload 19760 20972 C:\Users\Nikita\PycharmProjects\42_django\lectures\myapp5\models.py changed, reloading.
INFO 2023-08-31 22:01:03,124 autoreload 9936 19044 Watching for file changes with StatReloader
INFO 2023-08-31 22:01:47,513 autoreload 9936 19044 C:\Users\Nikita\PycharmProjects\42_django\lectures\myapp5\models.py changed, reloading.
INFO 2023-08-31 22:01:48,606 autoreload 21920 16184 Watching for file changes with StatReloader
INFO 2023-08-31 22:07:25,416 autoreload 20880 9508 Watching for file changes with StatReloader
ERROR 2023-08-31 22:07:45,850 log 20880 22240 Internal Server Error: /admin/logout/
Traceback (most recent call last):
  File "C:\Users\Nikita\PycharmProjects\42_django\venv\Lib\site-packages\django\db\backends\utils.py", line 89, in _execute
    return self.cursor.execute(sql, params)
           ^^^^^^^^^^^^^^^^^^^^^^^^^^^^^^^^
  File "C:\Users\Nikita\PycharmProjects\42_django\venv\Lib\site-packages\django\db\backends\sqlite3\base.py", line 328, in execute
    return super().execute(query, params)
           ^^^^^^^^^^^^^^^^^^^^^^^^^^^^^^
sqlite3.OperationalError: database is locked

The above exception was the direct cause of the following exception:

Traceback (most recent call last):
  File "C:\Users\Nikita\PycharmProjects\42_django\venv\Lib\site-packages\django\core\handlers\exception.py", line 55, in inner
    response = get_response(request)
               ^^^^^^^^^^^^^^^^^^^^^
  File "C:\Users\Nikita\PycharmProjects\42_django\venv\Lib\site-packages\django\core\handlers\base.py", line 197, in _get_response
    response = wrapped_callback(request, *callback_args, **callback_kwargs)
               ^^^^^^^^^^^^^^^^^^^^^^^^^^^^^^^^^^^^^^^^^^^^^^^^^^^^^^^^^^^^
  File "C:\Users\Nikita\PycharmProjects\42_django\venv\Lib\site-packages\django\contrib\admin\sites.py", line 261, in wrapper
    return self.admin_view(view, cacheable)(*args, **kwargs)
           ^^^^^^^^^^^^^^^^^^^^^^^^^^^^^^^^^^^^^^^^^^^^^^^^^
  File "C:\Users\Nikita\PycharmProjects\42_django\venv\Lib\site-packages\django\utils\decorators.py", line 134, in _wrapper_view
    response = view_func(request, *args, **kwargs)
               ^^^^^^^^^^^^^^^^^^^^^^^^^^^^^^^^^^^
  File "C:\Users\Nikita\PycharmProjects\42_django\venv\Lib\site-packages\django\views\decorators\cache.py", line 62, in _wrapper_view_func
    response = view_func(request, *args, **kwargs)
               ^^^^^^^^^^^^^^^^^^^^^^^^^^^^^^^^^^^
  File "C:\Users\Nikita\PycharmProjects\42_django\venv\Lib\site-packages\django\contrib\admin\sites.py", line 242, in inner
    return view(request, *args, **kwargs)
           ^^^^^^^^^^^^^^^^^^^^^^^^^^^^^^
  File "C:\Users\Nikita\PycharmProjects\42_django\venv\Lib\site-packages\django\contrib\admin\sites.py", line 403, in logout
    return LogoutView.as_view(**defaults)(request)
           ^^^^^^^^^^^^^^^^^^^^^^^^^^^^^^^^^^^^^^^
  File "C:\Users\Nikita\PycharmProjects\42_django\venv\Lib\site-packages\django\views\generic\base.py", line 104, in view
    return self.dispatch(request, *args, **kwargs)
           ^^^^^^^^^^^^^^^^^^^^^^^^^^^^^^^^^^^^^^^
  File "C:\Users\Nikita\PycharmProjects\42_django\venv\Lib\site-packages\django\utils\decorators.py", line 46, in _wrapper
    return bound_method(*args, **kwargs)
           ^^^^^^^^^^^^^^^^^^^^^^^^^^^^^
  File "C:\Users\Nikita\PycharmProjects\42_django\venv\Lib\site-packages\django\views\decorators\cache.py", line 62, in _wrapper_view_func
    response = view_func(request, *args, **kwargs)
               ^^^^^^^^^^^^^^^^^^^^^^^^^^^^^^^^^^^
  File "C:\Users\Nikita\PycharmProjects\42_django\venv\Lib\site-packages\django\contrib\auth\views.py", line 147, in dispatch
    return super().dispatch(request, *args, **kwargs)
           ^^^^^^^^^^^^^^^^^^^^^^^^^^^^^^^^^^^^^^^^^^
  File "C:\Users\Nikita\PycharmProjects\42_django\venv\Lib\site-packages\django\views\generic\base.py", line 143, in dispatch
    return handler(request, *args, **kwargs)
           ^^^^^^^^^^^^^^^^^^^^^^^^^^^^^^^^^
  File "C:\Users\Nikita\PycharmProjects\42_django\venv\Lib\site-packages\django\utils\decorators.py", line 46, in _wrapper
    return bound_method(*args, **kwargs)
           ^^^^^^^^^^^^^^^^^^^^^^^^^^^^^
  File "C:\Users\Nikita\PycharmProjects\42_django\venv\Lib\site-packages\django\utils\decorators.py", line 134, in _wrapper_view
    response = view_func(request, *args, **kwargs)
               ^^^^^^^^^^^^^^^^^^^^^^^^^^^^^^^^^^^
  File "C:\Users\Nikita\PycharmProjects\42_django\venv\Lib\site-packages\django\contrib\auth\views.py", line 152, in post
    auth_logout(request)
  File "C:\Users\Nikita\PycharmProjects\42_django\venv\Lib\site-packages\django\contrib\auth\__init__.py", line 158, in logout
    request.session.flush()
  File "C:\Users\Nikita\PycharmProjects\42_django\venv\Lib\site-packages\django\contrib\sessions\backends\base.py", line 295, in flush
    self.delete()
  File "C:\Users\Nikita\PycharmProjects\42_django\venv\Lib\site-packages\django\contrib\sessions\backends\db.py", line 104, in delete
    self.model.objects.get(session_key=session_key).delete()
  File "C:\Users\Nikita\PycharmProjects\42_django\venv\Lib\site-packages\django\db\models\base.py", line 1132, in delete
    return collector.delete()
           ^^^^^^^^^^^^^^^^^^
  File "C:\Users\Nikita\PycharmProjects\42_django\venv\Lib\site-packages\django\db\models\deletion.py", line 453, in delete
    count = sql.DeleteQuery(model).delete_batch(
            ^^^^^^^^^^^^^^^^^^^^^^^^^^^^^^^^^^^^
  File "C:\Users\Nikita\PycharmProjects\42_django\venv\Lib\site-packages\django\db\models\sql\subqueries.py", line 42, in delete_batch
    num_deleted += self.do_query(
                   ^^^^^^^^^^^^^^
  File "C:\Users\Nikita\PycharmProjects\42_django\venv\Lib\site-packages\django\db\models\sql\subqueries.py", line 20, in do_query
    cursor = self.get_compiler(using).execute_sql(CURSOR)
             ^^^^^^^^^^^^^^^^^^^^^^^^^^^^^^^^^^^^^^^^^^^^
  File "C:\Users\Nikita\PycharmProjects\42_django\venv\Lib\site-packages\django\db\models\sql\compiler.py", line 1562, in execute_sql
    cursor.execute(sql, params)
  File "C:\Users\Nikita\PycharmProjects\42_django\venv\Lib\site-packages\django\db\backends\utils.py", line 102, in execute
    return super().execute(sql, params)
           ^^^^^^^^^^^^^^^^^^^^^^^^^^^^
  File "C:\Users\Nikita\PycharmProjects\42_django\venv\Lib\site-packages\django\db\backends\utils.py", line 67, in execute
    return self._execute_with_wrappers(
           ^^^^^^^^^^^^^^^^^^^^^^^^^^^^
  File "C:\Users\Nikita\PycharmProjects\42_django\venv\Lib\site-packages\django\db\backends\utils.py", line 80, in _execute_with_wrappers
    return executor(sql, params, many, context)
           ^^^^^^^^^^^^^^^^^^^^^^^^^^^^^^^^^^^^
  File "C:\Users\Nikita\PycharmProjects\42_django\venv\Lib\site-packages\django\db\backends\utils.py", line 84, in _execute
    with self.db.wrap_database_errors:
  File "C:\Users\Nikita\PycharmProjects\42_django\venv\Lib\site-packages\django\db\utils.py", line 91, in __exit__
    raise dj_exc_value.with_traceback(traceback) from exc_value
  File "C:\Users\Nikita\PycharmProjects\42_django\venv\Lib\site-packages\django\db\backends\utils.py", line 89, in _execute
    return self.cursor.execute(sql, params)
           ^^^^^^^^^^^^^^^^^^^^^^^^^^^^^^^^
  File "C:\Users\Nikita\PycharmProjects\42_django\venv\Lib\site-packages\django\db\backends\sqlite3\base.py", line 328, in execute
    return super().execute(query, params)
           ^^^^^^^^^^^^^^^^^^^^^^^^^^^^^^
django.db.utils.OperationalError: database is locked
INFO 2023-08-31 22:07:45,858 basehttp 20880 22240 - Broken pipe from ('127.0.0.1', 58406)
ERROR 2023-08-31 22:07:51,309 log 20880 8696 Internal Server Error: /admin/logout/
Traceback (most recent call last):
  File "C:\Users\Nikita\PycharmProjects\42_django\venv\Lib\site-packages\django\db\backends\utils.py", line 89, in _execute
    return self.cursor.execute(sql, params)
           ^^^^^^^^^^^^^^^^^^^^^^^^^^^^^^^^
  File "C:\Users\Nikita\PycharmProjects\42_django\venv\Lib\site-packages\django\db\backends\sqlite3\base.py", line 328, in execute
    return super().execute(query, params)
           ^^^^^^^^^^^^^^^^^^^^^^^^^^^^^^
sqlite3.OperationalError: database is locked

The above exception was the direct cause of the following exception:

Traceback (most recent call last):
  File "C:\Users\Nikita\PycharmProjects\42_django\venv\Lib\site-packages\django\core\handlers\exception.py", line 55, in inner
    response = get_response(request)
               ^^^^^^^^^^^^^^^^^^^^^
  File "C:\Users\Nikita\PycharmProjects\42_django\venv\Lib\site-packages\django\core\handlers\base.py", line 197, in _get_response
    response = wrapped_callback(request, *callback_args, **callback_kwargs)
               ^^^^^^^^^^^^^^^^^^^^^^^^^^^^^^^^^^^^^^^^^^^^^^^^^^^^^^^^^^^^
  File "C:\Users\Nikita\PycharmProjects\42_django\venv\Lib\site-packages\django\contrib\admin\sites.py", line 261, in wrapper
    return self.admin_view(view, cacheable)(*args, **kwargs)
           ^^^^^^^^^^^^^^^^^^^^^^^^^^^^^^^^^^^^^^^^^^^^^^^^^
  File "C:\Users\Nikita\PycharmProjects\42_django\venv\Lib\site-packages\django\utils\decorators.py", line 134, in _wrapper_view
    response = view_func(request, *args, **kwargs)
               ^^^^^^^^^^^^^^^^^^^^^^^^^^^^^^^^^^^
  File "C:\Users\Nikita\PycharmProjects\42_django\venv\Lib\site-packages\django\views\decorators\cache.py", line 62, in _wrapper_view_func
    response = view_func(request, *args, **kwargs)
               ^^^^^^^^^^^^^^^^^^^^^^^^^^^^^^^^^^^
  File "C:\Users\Nikita\PycharmProjects\42_django\venv\Lib\site-packages\django\contrib\admin\sites.py", line 242, in inner
    return view(request, *args, **kwargs)
           ^^^^^^^^^^^^^^^^^^^^^^^^^^^^^^
  File "C:\Users\Nikita\PycharmProjects\42_django\venv\Lib\site-packages\django\contrib\admin\sites.py", line 403, in logout
    return LogoutView.as_view(**defaults)(request)
           ^^^^^^^^^^^^^^^^^^^^^^^^^^^^^^^^^^^^^^^
  File "C:\Users\Nikita\PycharmProjects\42_django\venv\Lib\site-packages\django\views\generic\base.py", line 104, in view
    return self.dispatch(request, *args, **kwargs)
           ^^^^^^^^^^^^^^^^^^^^^^^^^^^^^^^^^^^^^^^
  File "C:\Users\Nikita\PycharmProjects\42_django\venv\Lib\site-packages\django\utils\decorators.py", line 46, in _wrapper
    return bound_method(*args, **kwargs)
           ^^^^^^^^^^^^^^^^^^^^^^^^^^^^^
  File "C:\Users\Nikita\PycharmProjects\42_django\venv\Lib\site-packages\django\views\decorators\cache.py", line 62, in _wrapper_view_func
    response = view_func(request, *args, **kwargs)
               ^^^^^^^^^^^^^^^^^^^^^^^^^^^^^^^^^^^
  File "C:\Users\Nikita\PycharmProjects\42_django\venv\Lib\site-packages\django\contrib\auth\views.py", line 147, in dispatch
    return super().dispatch(request, *args, **kwargs)
           ^^^^^^^^^^^^^^^^^^^^^^^^^^^^^^^^^^^^^^^^^^
  File "C:\Users\Nikita\PycharmProjects\42_django\venv\Lib\site-packages\django\views\generic\base.py", line 143, in dispatch
    return handler(request, *args, **kwargs)
           ^^^^^^^^^^^^^^^^^^^^^^^^^^^^^^^^^
  File "C:\Users\Nikita\PycharmProjects\42_django\venv\Lib\site-packages\django\utils\decorators.py", line 46, in _wrapper
    return bound_method(*args, **kwargs)
           ^^^^^^^^^^^^^^^^^^^^^^^^^^^^^
  File "C:\Users\Nikita\PycharmProjects\42_django\venv\Lib\site-packages\django\utils\decorators.py", line 134, in _wrapper_view
    response = view_func(request, *args, **kwargs)
               ^^^^^^^^^^^^^^^^^^^^^^^^^^^^^^^^^^^
  File "C:\Users\Nikita\PycharmProjects\42_django\venv\Lib\site-packages\django\contrib\auth\views.py", line 152, in post
    auth_logout(request)
  File "C:\Users\Nikita\PycharmProjects\42_django\venv\Lib\site-packages\django\contrib\auth\__init__.py", line 158, in logout
    request.session.flush()
  File "C:\Users\Nikita\PycharmProjects\42_django\venv\Lib\site-packages\django\contrib\sessions\backends\base.py", line 295, in flush
    self.delete()
  File "C:\Users\Nikita\PycharmProjects\42_django\venv\Lib\site-packages\django\contrib\sessions\backends\db.py", line 104, in delete
    self.model.objects.get(session_key=session_key).delete()
  File "C:\Users\Nikita\PycharmProjects\42_django\venv\Lib\site-packages\django\db\models\base.py", line 1132, in delete
    return collector.delete()
           ^^^^^^^^^^^^^^^^^^
  File "C:\Users\Nikita\PycharmProjects\42_django\venv\Lib\site-packages\django\db\models\deletion.py", line 453, in delete
    count = sql.DeleteQuery(model).delete_batch(
            ^^^^^^^^^^^^^^^^^^^^^^^^^^^^^^^^^^^^
  File "C:\Users\Nikita\PycharmProjects\42_django\venv\Lib\site-packages\django\db\models\sql\subqueries.py", line 42, in delete_batch
    num_deleted += self.do_query(
                   ^^^^^^^^^^^^^^
  File "C:\Users\Nikita\PycharmProjects\42_django\venv\Lib\site-packages\django\db\models\sql\subqueries.py", line 20, in do_query
    cursor = self.get_compiler(using).execute_sql(CURSOR)
             ^^^^^^^^^^^^^^^^^^^^^^^^^^^^^^^^^^^^^^^^^^^^
  File "C:\Users\Nikita\PycharmProjects\42_django\venv\Lib\site-packages\django\db\models\sql\compiler.py", line 1562, in execute_sql
    cursor.execute(sql, params)
  File "C:\Users\Nikita\PycharmProjects\42_django\venv\Lib\site-packages\django\db\backends\utils.py", line 102, in execute
    return super().execute(sql, params)
           ^^^^^^^^^^^^^^^^^^^^^^^^^^^^
  File "C:\Users\Nikita\PycharmProjects\42_django\venv\Lib\site-packages\django\db\backends\utils.py", line 67, in execute
    return self._execute_with_wrappers(
           ^^^^^^^^^^^^^^^^^^^^^^^^^^^^
  File "C:\Users\Nikita\PycharmProjects\42_django\venv\Lib\site-packages\django\db\backends\utils.py", line 80, in _execute_with_wrappers
    return executor(sql, params, many, context)
           ^^^^^^^^^^^^^^^^^^^^^^^^^^^^^^^^^^^^
  File "C:\Users\Nikita\PycharmProjects\42_django\venv\Lib\site-packages\django\db\backends\utils.py", line 84, in _execute
    with self.db.wrap_database_errors:
  File "C:\Users\Nikita\PycharmProjects\42_django\venv\Lib\site-packages\django\db\utils.py", line 91, in __exit__
    raise dj_exc_value.with_traceback(traceback) from exc_value
  File "C:\Users\Nikita\PycharmProjects\42_django\venv\Lib\site-packages\django\db\backends\utils.py", line 89, in _execute
    return self.cursor.execute(sql, params)
           ^^^^^^^^^^^^^^^^^^^^^^^^^^^^^^^^
  File "C:\Users\Nikita\PycharmProjects\42_django\venv\Lib\site-packages\django\db\backends\sqlite3\base.py", line 328, in execute
    return super().execute(query, params)
           ^^^^^^^^^^^^^^^^^^^^^^^^^^^^^^
django.db.utils.OperationalError: database is locked
INFO 2023-08-31 22:07:51,315 basehttp 20880 8696 - Broken pipe from ('127.0.0.1', 58407)
ERROR 2023-08-31 22:07:56,903 log 20880 20400 Internal Server Error: /admin/logout/
Traceback (most recent call last):
  File "C:\Users\Nikita\PycharmProjects\42_django\venv\Lib\site-packages\django\db\backends\utils.py", line 89, in _execute
    return self.cursor.execute(sql, params)
           ^^^^^^^^^^^^^^^^^^^^^^^^^^^^^^^^
  File "C:\Users\Nikita\PycharmProjects\42_django\venv\Lib\site-packages\django\db\backends\sqlite3\base.py", line 328, in execute
    return super().execute(query, params)
           ^^^^^^^^^^^^^^^^^^^^^^^^^^^^^^
sqlite3.OperationalError: database is locked

The above exception was the direct cause of the following exception:

Traceback (most recent call last):
  File "C:\Users\Nikita\PycharmProjects\42_django\venv\Lib\site-packages\django\core\handlers\exception.py", line 55, in inner
    response = get_response(request)
               ^^^^^^^^^^^^^^^^^^^^^
  File "C:\Users\Nikita\PycharmProjects\42_django\venv\Lib\site-packages\django\core\handlers\base.py", line 197, in _get_response
    response = wrapped_callback(request, *callback_args, **callback_kwargs)
               ^^^^^^^^^^^^^^^^^^^^^^^^^^^^^^^^^^^^^^^^^^^^^^^^^^^^^^^^^^^^
  File "C:\Users\Nikita\PycharmProjects\42_django\venv\Lib\site-packages\django\contrib\admin\sites.py", line 261, in wrapper
    return self.admin_view(view, cacheable)(*args, **kwargs)
           ^^^^^^^^^^^^^^^^^^^^^^^^^^^^^^^^^^^^^^^^^^^^^^^^^
  File "C:\Users\Nikita\PycharmProjects\42_django\venv\Lib\site-packages\django\utils\decorators.py", line 134, in _wrapper_view
    response = view_func(request, *args, **kwargs)
               ^^^^^^^^^^^^^^^^^^^^^^^^^^^^^^^^^^^
  File "C:\Users\Nikita\PycharmProjects\42_django\venv\Lib\site-packages\django\views\decorators\cache.py", line 62, in _wrapper_view_func
    response = view_func(request, *args, **kwargs)
               ^^^^^^^^^^^^^^^^^^^^^^^^^^^^^^^^^^^
  File "C:\Users\Nikita\PycharmProjects\42_django\venv\Lib\site-packages\django\contrib\admin\sites.py", line 242, in inner
    return view(request, *args, **kwargs)
           ^^^^^^^^^^^^^^^^^^^^^^^^^^^^^^
  File "C:\Users\Nikita\PycharmProjects\42_django\venv\Lib\site-packages\django\contrib\admin\sites.py", line 403, in logout
    return LogoutView.as_view(**defaults)(request)
           ^^^^^^^^^^^^^^^^^^^^^^^^^^^^^^^^^^^^^^^
  File "C:\Users\Nikita\PycharmProjects\42_django\venv\Lib\site-packages\django\views\generic\base.py", line 104, in view
    return self.dispatch(request, *args, **kwargs)
           ^^^^^^^^^^^^^^^^^^^^^^^^^^^^^^^^^^^^^^^
  File "C:\Users\Nikita\PycharmProjects\42_django\venv\Lib\site-packages\django\utils\decorators.py", line 46, in _wrapper
    return bound_method(*args, **kwargs)
           ^^^^^^^^^^^^^^^^^^^^^^^^^^^^^
  File "C:\Users\Nikita\PycharmProjects\42_django\venv\Lib\site-packages\django\views\decorators\cache.py", line 62, in _wrapper_view_func
    response = view_func(request, *args, **kwargs)
               ^^^^^^^^^^^^^^^^^^^^^^^^^^^^^^^^^^^
  File "C:\Users\Nikita\PycharmProjects\42_django\venv\Lib\site-packages\django\contrib\auth\views.py", line 147, in dispatch
    return super().dispatch(request, *args, **kwargs)
           ^^^^^^^^^^^^^^^^^^^^^^^^^^^^^^^^^^^^^^^^^^
  File "C:\Users\Nikita\PycharmProjects\42_django\venv\Lib\site-packages\django\views\generic\base.py", line 143, in dispatch
    return handler(request, *args, **kwargs)
           ^^^^^^^^^^^^^^^^^^^^^^^^^^^^^^^^^
  File "C:\Users\Nikita\PycharmProjects\42_django\venv\Lib\site-packages\django\utils\decorators.py", line 46, in _wrapper
    return bound_method(*args, **kwargs)
           ^^^^^^^^^^^^^^^^^^^^^^^^^^^^^
  File "C:\Users\Nikita\PycharmProjects\42_django\venv\Lib\site-packages\django\utils\decorators.py", line 134, in _wrapper_view
    response = view_func(request, *args, **kwargs)
               ^^^^^^^^^^^^^^^^^^^^^^^^^^^^^^^^^^^
  File "C:\Users\Nikita\PycharmProjects\42_django\venv\Lib\site-packages\django\contrib\auth\views.py", line 152, in post
    auth_logout(request)
  File "C:\Users\Nikita\PycharmProjects\42_django\venv\Lib\site-packages\django\contrib\auth\__init__.py", line 158, in logout
    request.session.flush()
  File "C:\Users\Nikita\PycharmProjects\42_django\venv\Lib\site-packages\django\contrib\sessions\backends\base.py", line 295, in flush
    self.delete()
  File "C:\Users\Nikita\PycharmProjects\42_django\venv\Lib\site-packages\django\contrib\sessions\backends\db.py", line 104, in delete
    self.model.objects.get(session_key=session_key).delete()
  File "C:\Users\Nikita\PycharmProjects\42_django\venv\Lib\site-packages\django\db\models\base.py", line 1132, in delete
    return collector.delete()
           ^^^^^^^^^^^^^^^^^^
  File "C:\Users\Nikita\PycharmProjects\42_django\venv\Lib\site-packages\django\db\models\deletion.py", line 453, in delete
    count = sql.DeleteQuery(model).delete_batch(
            ^^^^^^^^^^^^^^^^^^^^^^^^^^^^^^^^^^^^
  File "C:\Users\Nikita\PycharmProjects\42_django\venv\Lib\site-packages\django\db\models\sql\subqueries.py", line 42, in delete_batch
    num_deleted += self.do_query(
                   ^^^^^^^^^^^^^^
  File "C:\Users\Nikita\PycharmProjects\42_django\venv\Lib\site-packages\django\db\models\sql\subqueries.py", line 20, in do_query
    cursor = self.get_compiler(using).execute_sql(CURSOR)
             ^^^^^^^^^^^^^^^^^^^^^^^^^^^^^^^^^^^^^^^^^^^^
  File "C:\Users\Nikita\PycharmProjects\42_django\venv\Lib\site-packages\django\db\models\sql\compiler.py", line 1562, in execute_sql
    cursor.execute(sql, params)
  File "C:\Users\Nikita\PycharmProjects\42_django\venv\Lib\site-packages\django\db\backends\utils.py", line 102, in execute
    return super().execute(sql, params)
           ^^^^^^^^^^^^^^^^^^^^^^^^^^^^
  File "C:\Users\Nikita\PycharmProjects\42_django\venv\Lib\site-packages\django\db\backends\utils.py", line 67, in execute
    return self._execute_with_wrappers(
           ^^^^^^^^^^^^^^^^^^^^^^^^^^^^
  File "C:\Users\Nikita\PycharmProjects\42_django\venv\Lib\site-packages\django\db\backends\utils.py", line 80, in _execute_with_wrappers
    return executor(sql, params, many, context)
           ^^^^^^^^^^^^^^^^^^^^^^^^^^^^^^^^^^^^
  File "C:\Users\Nikita\PycharmProjects\42_django\venv\Lib\site-packages\django\db\backends\utils.py", line 84, in _execute
    with self.db.wrap_database_errors:
  File "C:\Users\Nikita\PycharmProjects\42_django\venv\Lib\site-packages\django\db\utils.py", line 91, in __exit__
    raise dj_exc_value.with_traceback(traceback) from exc_value
  File "C:\Users\Nikita\PycharmProjects\42_django\venv\Lib\site-packages\django\db\backends\utils.py", line 89, in _execute
    return self.cursor.execute(sql, params)
           ^^^^^^^^^^^^^^^^^^^^^^^^^^^^^^^^
  File "C:\Users\Nikita\PycharmProjects\42_django\venv\Lib\site-packages\django\db\backends\sqlite3\base.py", line 328, in execute
    return super().execute(query, params)
           ^^^^^^^^^^^^^^^^^^^^^^^^^^^^^^
django.db.utils.OperationalError: database is locked
INFO 2023-08-31 22:07:56,909 basehttp 20880 20400 - Broken pipe from ('127.0.0.1', 58409)
ERROR 2023-08-31 22:08:02,472 log 20880 14832 Internal Server Error: /admin/logout/
Traceback (most recent call last):
  File "C:\Users\Nikita\PycharmProjects\42_django\venv\Lib\site-packages\django\db\backends\utils.py", line 89, in _execute
    return self.cursor.execute(sql, params)
           ^^^^^^^^^^^^^^^^^^^^^^^^^^^^^^^^
  File "C:\Users\Nikita\PycharmProjects\42_django\venv\Lib\site-packages\django\db\backends\sqlite3\base.py", line 328, in execute
    return super().execute(query, params)
           ^^^^^^^^^^^^^^^^^^^^^^^^^^^^^^
sqlite3.OperationalError: database is locked

The above exception was the direct cause of the following exception:

Traceback (most recent call last):
  File "C:\Users\Nikita\PycharmProjects\42_django\venv\Lib\site-packages\django\core\handlers\exception.py", line 55, in inner
    response = get_response(request)
               ^^^^^^^^^^^^^^^^^^^^^
  File "C:\Users\Nikita\PycharmProjects\42_django\venv\Lib\site-packages\django\core\handlers\base.py", line 197, in _get_response
    response = wrapped_callback(request, *callback_args, **callback_kwargs)
               ^^^^^^^^^^^^^^^^^^^^^^^^^^^^^^^^^^^^^^^^^^^^^^^^^^^^^^^^^^^^
  File "C:\Users\Nikita\PycharmProjects\42_django\venv\Lib\site-packages\django\contrib\admin\sites.py", line 261, in wrapper
    return self.admin_view(view, cacheable)(*args, **kwargs)
           ^^^^^^^^^^^^^^^^^^^^^^^^^^^^^^^^^^^^^^^^^^^^^^^^^
  File "C:\Users\Nikita\PycharmProjects\42_django\venv\Lib\site-packages\django\utils\decorators.py", line 134, in _wrapper_view
    response = view_func(request, *args, **kwargs)
               ^^^^^^^^^^^^^^^^^^^^^^^^^^^^^^^^^^^
  File "C:\Users\Nikita\PycharmProjects\42_django\venv\Lib\site-packages\django\views\decorators\cache.py", line 62, in _wrapper_view_func
    response = view_func(request, *args, **kwargs)
               ^^^^^^^^^^^^^^^^^^^^^^^^^^^^^^^^^^^
  File "C:\Users\Nikita\PycharmProjects\42_django\venv\Lib\site-packages\django\contrib\admin\sites.py", line 242, in inner
    return view(request, *args, **kwargs)
           ^^^^^^^^^^^^^^^^^^^^^^^^^^^^^^
  File "C:\Users\Nikita\PycharmProjects\42_django\venv\Lib\site-packages\django\contrib\admin\sites.py", line 403, in logout
    return LogoutView.as_view(**defaults)(request)
           ^^^^^^^^^^^^^^^^^^^^^^^^^^^^^^^^^^^^^^^
  File "C:\Users\Nikita\PycharmProjects\42_django\venv\Lib\site-packages\django\views\generic\base.py", line 104, in view
    return self.dispatch(request, *args, **kwargs)
           ^^^^^^^^^^^^^^^^^^^^^^^^^^^^^^^^^^^^^^^
  File "C:\Users\Nikita\PycharmProjects\42_django\venv\Lib\site-packages\django\utils\decorators.py", line 46, in _wrapper
    return bound_method(*args, **kwargs)
           ^^^^^^^^^^^^^^^^^^^^^^^^^^^^^
  File "C:\Users\Nikita\PycharmProjects\42_django\venv\Lib\site-packages\django\views\decorators\cache.py", line 62, in _wrapper_view_func
    response = view_func(request, *args, **kwargs)
               ^^^^^^^^^^^^^^^^^^^^^^^^^^^^^^^^^^^
  File "C:\Users\Nikita\PycharmProjects\42_django\venv\Lib\site-packages\django\contrib\auth\views.py", line 147, in dispatch
    return super().dispatch(request, *args, **kwargs)
           ^^^^^^^^^^^^^^^^^^^^^^^^^^^^^^^^^^^^^^^^^^
  File "C:\Users\Nikita\PycharmProjects\42_django\venv\Lib\site-packages\django\views\generic\base.py", line 143, in dispatch
    return handler(request, *args, **kwargs)
           ^^^^^^^^^^^^^^^^^^^^^^^^^^^^^^^^^
  File "C:\Users\Nikita\PycharmProjects\42_django\venv\Lib\site-packages\django\utils\decorators.py", line 46, in _wrapper
    return bound_method(*args, **kwargs)
           ^^^^^^^^^^^^^^^^^^^^^^^^^^^^^
  File "C:\Users\Nikita\PycharmProjects\42_django\venv\Lib\site-packages\django\utils\decorators.py", line 134, in _wrapper_view
    response = view_func(request, *args, **kwargs)
               ^^^^^^^^^^^^^^^^^^^^^^^^^^^^^^^^^^^
  File "C:\Users\Nikita\PycharmProjects\42_django\venv\Lib\site-packages\django\contrib\auth\views.py", line 152, in post
    auth_logout(request)
  File "C:\Users\Nikita\PycharmProjects\42_django\venv\Lib\site-packages\django\contrib\auth\__init__.py", line 158, in logout
    request.session.flush()
  File "C:\Users\Nikita\PycharmProjects\42_django\venv\Lib\site-packages\django\contrib\sessions\backends\base.py", line 295, in flush
    self.delete()
  File "C:\Users\Nikita\PycharmProjects\42_django\venv\Lib\site-packages\django\contrib\sessions\backends\db.py", line 104, in delete
    self.model.objects.get(session_key=session_key).delete()
  File "C:\Users\Nikita\PycharmProjects\42_django\venv\Lib\site-packages\django\db\models\base.py", line 1132, in delete
    return collector.delete()
           ^^^^^^^^^^^^^^^^^^
  File "C:\Users\Nikita\PycharmProjects\42_django\venv\Lib\site-packages\django\db\models\deletion.py", line 453, in delete
    count = sql.DeleteQuery(model).delete_batch(
            ^^^^^^^^^^^^^^^^^^^^^^^^^^^^^^^^^^^^
  File "C:\Users\Nikita\PycharmProjects\42_django\venv\Lib\site-packages\django\db\models\sql\subqueries.py", line 42, in delete_batch
    num_deleted += self.do_query(
                   ^^^^^^^^^^^^^^
  File "C:\Users\Nikita\PycharmProjects\42_django\venv\Lib\site-packages\django\db\models\sql\subqueries.py", line 20, in do_query
    cursor = self.get_compiler(using).execute_sql(CURSOR)
             ^^^^^^^^^^^^^^^^^^^^^^^^^^^^^^^^^^^^^^^^^^^^
  File "C:\Users\Nikita\PycharmProjects\42_django\venv\Lib\site-packages\django\db\models\sql\compiler.py", line 1562, in execute_sql
    cursor.execute(sql, params)
  File "C:\Users\Nikita\PycharmProjects\42_django\venv\Lib\site-packages\django\db\backends\utils.py", line 102, in execute
    return super().execute(sql, params)
           ^^^^^^^^^^^^^^^^^^^^^^^^^^^^
  File "C:\Users\Nikita\PycharmProjects\42_django\venv\Lib\site-packages\django\db\backends\utils.py", line 67, in execute
    return self._execute_with_wrappers(
           ^^^^^^^^^^^^^^^^^^^^^^^^^^^^
  File "C:\Users\Nikita\PycharmProjects\42_django\venv\Lib\site-packages\django\db\backends\utils.py", line 80, in _execute_with_wrappers
    return executor(sql, params, many, context)
           ^^^^^^^^^^^^^^^^^^^^^^^^^^^^^^^^^^^^
  File "C:\Users\Nikita\PycharmProjects\42_django\venv\Lib\site-packages\django\db\backends\utils.py", line 84, in _execute
    with self.db.wrap_database_errors:
  File "C:\Users\Nikita\PycharmProjects\42_django\venv\Lib\site-packages\django\db\utils.py", line 91, in __exit__
    raise dj_exc_value.with_traceback(traceback) from exc_value
  File "C:\Users\Nikita\PycharmProjects\42_django\venv\Lib\site-packages\django\db\backends\utils.py", line 89, in _execute
    return self.cursor.execute(sql, params)
           ^^^^^^^^^^^^^^^^^^^^^^^^^^^^^^^^
  File "C:\Users\Nikita\PycharmProjects\42_django\venv\Lib\site-packages\django\db\backends\sqlite3\base.py", line 328, in execute
    return super().execute(query, params)
           ^^^^^^^^^^^^^^^^^^^^^^^^^^^^^^
django.db.utils.OperationalError: database is locked
INFO 2023-08-31 22:08:02,478 basehttp 20880 14832 - Broken pipe from ('127.0.0.1', 58411)
ERROR 2023-08-31 22:08:08,093 log 20880 17744 Internal Server Error: /admin/logout/
Traceback (most recent call last):
  File "C:\Users\Nikita\PycharmProjects\42_django\venv\Lib\site-packages\django\db\backends\utils.py", line 89, in _execute
    return self.cursor.execute(sql, params)
           ^^^^^^^^^^^^^^^^^^^^^^^^^^^^^^^^
  File "C:\Users\Nikita\PycharmProjects\42_django\venv\Lib\site-packages\django\db\backends\sqlite3\base.py", line 328, in execute
    return super().execute(query, params)
           ^^^^^^^^^^^^^^^^^^^^^^^^^^^^^^
sqlite3.OperationalError: database is locked

The above exception was the direct cause of the following exception:

Traceback (most recent call last):
  File "C:\Users\Nikita\PycharmProjects\42_django\venv\Lib\site-packages\django\core\handlers\exception.py", line 55, in inner
    response = get_response(request)
               ^^^^^^^^^^^^^^^^^^^^^
  File "C:\Users\Nikita\PycharmProjects\42_django\venv\Lib\site-packages\django\core\handlers\base.py", line 197, in _get_response
    response = wrapped_callback(request, *callback_args, **callback_kwargs)
               ^^^^^^^^^^^^^^^^^^^^^^^^^^^^^^^^^^^^^^^^^^^^^^^^^^^^^^^^^^^^
  File "C:\Users\Nikita\PycharmProjects\42_django\venv\Lib\site-packages\django\contrib\admin\sites.py", line 261, in wrapper
    return self.admin_view(view, cacheable)(*args, **kwargs)
           ^^^^^^^^^^^^^^^^^^^^^^^^^^^^^^^^^^^^^^^^^^^^^^^^^
  File "C:\Users\Nikita\PycharmProjects\42_django\venv\Lib\site-packages\django\utils\decorators.py", line 134, in _wrapper_view
    response = view_func(request, *args, **kwargs)
               ^^^^^^^^^^^^^^^^^^^^^^^^^^^^^^^^^^^
  File "C:\Users\Nikita\PycharmProjects\42_django\venv\Lib\site-packages\django\views\decorators\cache.py", line 62, in _wrapper_view_func
    response = view_func(request, *args, **kwargs)
               ^^^^^^^^^^^^^^^^^^^^^^^^^^^^^^^^^^^
  File "C:\Users\Nikita\PycharmProjects\42_django\venv\Lib\site-packages\django\contrib\admin\sites.py", line 242, in inner
    return view(request, *args, **kwargs)
           ^^^^^^^^^^^^^^^^^^^^^^^^^^^^^^
  File "C:\Users\Nikita\PycharmProjects\42_django\venv\Lib\site-packages\django\contrib\admin\sites.py", line 403, in logout
    return LogoutView.as_view(**defaults)(request)
           ^^^^^^^^^^^^^^^^^^^^^^^^^^^^^^^^^^^^^^^
  File "C:\Users\Nikita\PycharmProjects\42_django\venv\Lib\site-packages\django\views\generic\base.py", line 104, in view
    return self.dispatch(request, *args, **kwargs)
           ^^^^^^^^^^^^^^^^^^^^^^^^^^^^^^^^^^^^^^^
  File "C:\Users\Nikita\PycharmProjects\42_django\venv\Lib\site-packages\django\utils\decorators.py", line 46, in _wrapper
    return bound_method(*args, **kwargs)
           ^^^^^^^^^^^^^^^^^^^^^^^^^^^^^
  File "C:\Users\Nikita\PycharmProjects\42_django\venv\Lib\site-packages\django\views\decorators\cache.py", line 62, in _wrapper_view_func
    response = view_func(request, *args, **kwargs)
               ^^^^^^^^^^^^^^^^^^^^^^^^^^^^^^^^^^^
  File "C:\Users\Nikita\PycharmProjects\42_django\venv\Lib\site-packages\django\contrib\auth\views.py", line 147, in dispatch
    return super().dispatch(request, *args, **kwargs)
           ^^^^^^^^^^^^^^^^^^^^^^^^^^^^^^^^^^^^^^^^^^
  File "C:\Users\Nikita\PycharmProjects\42_django\venv\Lib\site-packages\django\views\generic\base.py", line 143, in dispatch
    return handler(request, *args, **kwargs)
           ^^^^^^^^^^^^^^^^^^^^^^^^^^^^^^^^^
  File "C:\Users\Nikita\PycharmProjects\42_django\venv\Lib\site-packages\django\utils\decorators.py", line 46, in _wrapper
    return bound_method(*args, **kwargs)
           ^^^^^^^^^^^^^^^^^^^^^^^^^^^^^
  File "C:\Users\Nikita\PycharmProjects\42_django\venv\Lib\site-packages\django\utils\decorators.py", line 134, in _wrapper_view
    response = view_func(request, *args, **kwargs)
               ^^^^^^^^^^^^^^^^^^^^^^^^^^^^^^^^^^^
  File "C:\Users\Nikita\PycharmProjects\42_django\venv\Lib\site-packages\django\contrib\auth\views.py", line 152, in post
    auth_logout(request)
  File "C:\Users\Nikita\PycharmProjects\42_django\venv\Lib\site-packages\django\contrib\auth\__init__.py", line 158, in logout
    request.session.flush()
  File "C:\Users\Nikita\PycharmProjects\42_django\venv\Lib\site-packages\django\contrib\sessions\backends\base.py", line 295, in flush
    self.delete()
  File "C:\Users\Nikita\PycharmProjects\42_django\venv\Lib\site-packages\django\contrib\sessions\backends\db.py", line 104, in delete
    self.model.objects.get(session_key=session_key).delete()
  File "C:\Users\Nikita\PycharmProjects\42_django\venv\Lib\site-packages\django\db\models\base.py", line 1132, in delete
    return collector.delete()
           ^^^^^^^^^^^^^^^^^^
  File "C:\Users\Nikita\PycharmProjects\42_django\venv\Lib\site-packages\django\db\models\deletion.py", line 453, in delete
    count = sql.DeleteQuery(model).delete_batch(
            ^^^^^^^^^^^^^^^^^^^^^^^^^^^^^^^^^^^^
  File "C:\Users\Nikita\PycharmProjects\42_django\venv\Lib\site-packages\django\db\models\sql\subqueries.py", line 42, in delete_batch
    num_deleted += self.do_query(
                   ^^^^^^^^^^^^^^
  File "C:\Users\Nikita\PycharmProjects\42_django\venv\Lib\site-packages\django\db\models\sql\subqueries.py", line 20, in do_query
    cursor = self.get_compiler(using).execute_sql(CURSOR)
             ^^^^^^^^^^^^^^^^^^^^^^^^^^^^^^^^^^^^^^^^^^^^
  File "C:\Users\Nikita\PycharmProjects\42_django\venv\Lib\site-packages\django\db\models\sql\compiler.py", line 1562, in execute_sql
    cursor.execute(sql, params)
  File "C:\Users\Nikita\PycharmProjects\42_django\venv\Lib\site-packages\django\db\backends\utils.py", line 102, in execute
    return super().execute(sql, params)
           ^^^^^^^^^^^^^^^^^^^^^^^^^^^^
  File "C:\Users\Nikita\PycharmProjects\42_django\venv\Lib\site-packages\django\db\backends\utils.py", line 67, in execute
    return self._execute_with_wrappers(
           ^^^^^^^^^^^^^^^^^^^^^^^^^^^^
  File "C:\Users\Nikita\PycharmProjects\42_django\venv\Lib\site-packages\django\db\backends\utils.py", line 80, in _execute_with_wrappers
    return executor(sql, params, many, context)
           ^^^^^^^^^^^^^^^^^^^^^^^^^^^^^^^^^^^^
  File "C:\Users\Nikita\PycharmProjects\42_django\venv\Lib\site-packages\django\db\backends\utils.py", line 84, in _execute
    with self.db.wrap_database_errors:
  File "C:\Users\Nikita\PycharmProjects\42_django\venv\Lib\site-packages\django\db\utils.py", line 91, in __exit__
    raise dj_exc_value.with_traceback(traceback) from exc_value
  File "C:\Users\Nikita\PycharmProjects\42_django\venv\Lib\site-packages\django\db\backends\utils.py", line 89, in _execute
    return self.cursor.execute(sql, params)
           ^^^^^^^^^^^^^^^^^^^^^^^^^^^^^^^^
  File "C:\Users\Nikita\PycharmProjects\42_django\venv\Lib\site-packages\django\db\backends\sqlite3\base.py", line 328, in execute
    return super().execute(query, params)
           ^^^^^^^^^^^^^^^^^^^^^^^^^^^^^^
django.db.utils.OperationalError: database is locked
ERROR 2023-08-31 22:08:08,099 basehttp 20880 17744 "POST /admin/logout/ HTTP/1.1" 500 204332
ERROR 2023-08-31 22:08:08,177 log 20880 21436 Internal Server Error: /admin/logout/
Traceback (most recent call last):
  File "C:\Users\Nikita\PycharmProjects\42_django\venv\Lib\site-packages\django\contrib\sessions\backends\base.py", line 187, in _get_session
    return self._session_cache
           ^^^^^^^^^^^^^^^^^^^
AttributeError: 'SessionStore' object has no attribute '_session_cache'

During handling of the above exception, another exception occurred:

Traceback (most recent call last):
  File "C:\Users\Nikita\PycharmProjects\42_django\venv\Lib\site-packages\django\db\backends\utils.py", line 89, in _execute
    return self.cursor.execute(sql, params)
           ^^^^^^^^^^^^^^^^^^^^^^^^^^^^^^^^
  File "C:\Users\Nikita\PycharmProjects\42_django\venv\Lib\site-packages\django\db\backends\sqlite3\base.py", line 328, in execute
    return super().execute(query, params)
           ^^^^^^^^^^^^^^^^^^^^^^^^^^^^^^
sqlite3.OperationalError: database is locked

The above exception was the direct cause of the following exception:

Traceback (most recent call last):
  File "C:\Users\Nikita\PycharmProjects\42_django\venv\Lib\site-packages\django\core\handlers\exception.py", line 55, in inner
    response = get_response(request)
               ^^^^^^^^^^^^^^^^^^^^^
  File "C:\Users\Nikita\PycharmProjects\42_django\venv\Lib\site-packages\django\core\handlers\base.py", line 197, in _get_response
    response = wrapped_callback(request, *callback_args, **callback_kwargs)
               ^^^^^^^^^^^^^^^^^^^^^^^^^^^^^^^^^^^^^^^^^^^^^^^^^^^^^^^^^^^^
  File "C:\Users\Nikita\PycharmProjects\42_django\venv\Lib\site-packages\django\contrib\admin\sites.py", line 261, in wrapper
    return self.admin_view(view, cacheable)(*args, **kwargs)
           ^^^^^^^^^^^^^^^^^^^^^^^^^^^^^^^^^^^^^^^^^^^^^^^^^
  File "C:\Users\Nikita\PycharmProjects\42_django\venv\Lib\site-packages\django\utils\decorators.py", line 134, in _wrapper_view
    response = view_func(request, *args, **kwargs)
               ^^^^^^^^^^^^^^^^^^^^^^^^^^^^^^^^^^^
  File "C:\Users\Nikita\PycharmProjects\42_django\venv\Lib\site-packages\django\views\decorators\cache.py", line 62, in _wrapper_view_func
    response = view_func(request, *args, **kwargs)
               ^^^^^^^^^^^^^^^^^^^^^^^^^^^^^^^^^^^
  File "C:\Users\Nikita\PycharmProjects\42_django\venv\Lib\site-packages\django\contrib\admin\sites.py", line 230, in inner
    if not self.has_permission(request):
           ^^^^^^^^^^^^^^^^^^^^^^^^^^^^
  File "C:\Users\Nikita\PycharmProjects\42_django\venv\Lib\site-packages\django\contrib\admin\sites.py", line 203, in has_permission
    return request.user.is_active and request.user.is_staff
           ^^^^^^^^^^^^^^^^^^^^^^
  File "C:\Users\Nikita\PycharmProjects\42_django\venv\Lib\site-packages\django\utils\functional.py", line 266, in inner
    self._setup()
  File "C:\Users\Nikita\PycharmProjects\42_django\venv\Lib\site-packages\django\utils\functional.py", line 419, in _setup
    self._wrapped = self._setupfunc()
                    ^^^^^^^^^^^^^^^^^
  File "C:\Users\Nikita\PycharmProjects\42_django\venv\Lib\site-packages\django\contrib\auth\middleware.py", line 25, in <lambda>
    request.user = SimpleLazyObject(lambda: get_user(request))
                                            ^^^^^^^^^^^^^^^^^
  File "C:\Users\Nikita\PycharmProjects\42_django\venv\Lib\site-packages\django\contrib\auth\middleware.py", line 11, in get_user
    request._cached_user = auth.get_user(request)
                           ^^^^^^^^^^^^^^^^^^^^^^
  File "C:\Users\Nikita\PycharmProjects\42_django\venv\Lib\site-packages\django\contrib\auth\__init__.py", line 191, in get_user
    user_id = _get_user_session_key(request)
              ^^^^^^^^^^^^^^^^^^^^^^^^^^^^^^
  File "C:\Users\Nikita\PycharmProjects\42_django\venv\Lib\site-packages\django\contrib\auth\__init__.py", line 60, in _get_user_session_key
    return get_user_model()._meta.pk.to_python(request.session[SESSION_KEY])
                                               ~~~~~~~~~~~~~~~^^^^^^^^^^^^^
  File "C:\Users\Nikita\PycharmProjects\42_django\venv\Lib\site-packages\django\contrib\sessions\backends\base.py", line 53, in __getitem__
    return self._session[key]
           ^^^^^^^^^^^^^
  File "C:\Users\Nikita\PycharmProjects\42_django\venv\Lib\site-packages\django\contrib\sessions\backends\base.py", line 192, in _get_session
    self._session_cache = self.load()
                          ^^^^^^^^^^^
  File "C:\Users\Nikita\PycharmProjects\42_django\venv\Lib\site-packages\django\contrib\sessions\backends\db.py", line 42, in load
    s = self._get_session_from_db()
        ^^^^^^^^^^^^^^^^^^^^^^^^^^^
  File "C:\Users\Nikita\PycharmProjects\42_django\venv\Lib\site-packages\django\contrib\sessions\backends\db.py", line 32, in _get_session_from_db
    return self.model.objects.get(
           ^^^^^^^^^^^^^^^^^^^^^^^
  File "C:\Users\Nikita\PycharmProjects\42_django\venv\Lib\site-packages\django\db\models\manager.py", line 87, in manager_method
    return getattr(self.get_queryset(), name)(*args, **kwargs)
           ^^^^^^^^^^^^^^^^^^^^^^^^^^^^^^^^^^^^^^^^^^^^^^^^^^^
  File "C:\Users\Nikita\PycharmProjects\42_django\venv\Lib\site-packages\django\db\models\query.py", line 633, in get
    num = len(clone)
          ^^^^^^^^^^
  File "C:\Users\Nikita\PycharmProjects\42_django\venv\Lib\site-packages\django\db\models\query.py", line 380, in __len__
    self._fetch_all()
  File "C:\Users\Nikita\PycharmProjects\42_django\venv\Lib\site-packages\django\db\models\query.py", line 1881, in _fetch_all
    self._result_cache = list(self._iterable_class(self))
                         ^^^^^^^^^^^^^^^^^^^^^^^^^^^^^^^^
  File "C:\Users\Nikita\PycharmProjects\42_django\venv\Lib\site-packages\django\db\models\query.py", line 91, in __iter__
    results = compiler.execute_sql(
              ^^^^^^^^^^^^^^^^^^^^^
  File "C:\Users\Nikita\PycharmProjects\42_django\venv\Lib\site-packages\django\db\models\sql\compiler.py", line 1562, in execute_sql
    cursor.execute(sql, params)
  File "C:\Users\Nikita\PycharmProjects\42_django\venv\Lib\site-packages\django\db\backends\utils.py", line 102, in execute
    return super().execute(sql, params)
           ^^^^^^^^^^^^^^^^^^^^^^^^^^^^
  File "C:\Users\Nikita\PycharmProjects\42_django\venv\Lib\site-packages\django\db\backends\utils.py", line 67, in execute
    return self._execute_with_wrappers(
           ^^^^^^^^^^^^^^^^^^^^^^^^^^^^
  File "C:\Users\Nikita\PycharmProjects\42_django\venv\Lib\site-packages\django\db\backends\utils.py", line 80, in _execute_with_wrappers
    return executor(sql, params, many, context)
           ^^^^^^^^^^^^^^^^^^^^^^^^^^^^^^^^^^^^
  File "C:\Users\Nikita\PycharmProjects\42_django\venv\Lib\site-packages\django\db\backends\utils.py", line 84, in _execute
    with self.db.wrap_database_errors:
  File "C:\Users\Nikita\PycharmProjects\42_django\venv\Lib\site-packages\django\db\utils.py", line 91, in __exit__
    raise dj_exc_value.with_traceback(traceback) from exc_value
  File "C:\Users\Nikita\PycharmProjects\42_django\venv\Lib\site-packages\django\db\backends\utils.py", line 89, in _execute
    return self.cursor.execute(sql, params)
           ^^^^^^^^^^^^^^^^^^^^^^^^^^^^^^^^
  File "C:\Users\Nikita\PycharmProjects\42_django\venv\Lib\site-packages\django\db\backends\sqlite3\base.py", line 328, in execute
    return super().execute(query, params)
           ^^^^^^^^^^^^^^^^^^^^^^^^^^^^^^
django.db.utils.OperationalError: database is locked
INFO 2023-08-31 22:08:08,191 basehttp 20880 21436 - Broken pipe from ('127.0.0.1', 58410)
INFO 2023-08-31 22:08:30,642 basehttp 20880 17744 "GET /admin HTTP/1.1" 301 0
INFO 2023-08-31 22:08:30,671 basehttp 20880 20188 "GET /admin/ HTTP/1.1" 200 4819
INFO 2023-08-31 22:08:30,844 basehttp 20880 20188 "GET /static/admin/css/base.css HTTP/1.1" 200 21207
INFO 2023-08-31 22:08:30,846 basehttp 20880 16488 "GET /static/admin/css/dark_mode.css HTTP/1.1" 200 2929
INFO 2023-08-31 22:08:30,854 basehttp 20880 10372 "GET /static/admin/js/nav_sidebar.js HTTP/1.1" 200 3063
INFO 2023-08-31 22:08:30,857 basehttp 20880 18304 "GET /static/admin/css/nav_sidebar.css HTTP/1.1" 200 2694
INFO 2023-08-31 22:08:30,858 basehttp 20880 20528 "GET /static/admin/js/theme.js HTTP/1.1" 200 1943
INFO 2023-08-31 22:08:30,859 basehttp 20880 20620 "GET /static/admin/css/responsive.css HTTP/1.1" 200 18533
INFO 2023-08-31 22:08:34,627 basehttp 20880 20620 "POST /admin/logout/ HTTP/1.1" 200 3709
INFO 2023-08-31 22:08:38,290 basehttp 20880 20620 "GET /admin/ HTTP/1.1" 302 0
INFO 2023-08-31 22:08:38,309 basehttp 20880 20620 "GET /admin/login/?next=/admin/ HTTP/1.1" 200 4267
INFO 2023-08-31 22:08:51,720 basehttp 20880 20620 "POST /admin/login/?next=/admin/ HTTP/1.1" 302 0
INFO 2023-08-31 22:08:51,733 basehttp 20880 20620 "GET /admin/ HTTP/1.1" 200 8204
INFO 2023-08-31 22:08:51,762 basehttp 20880 20528 "GET /static/admin/img/icon-changelink.svg HTTP/1.1" 200 380
INFO 2023-08-31 22:08:51,763 basehttp 20880 20620 "GET /static/admin/img/icon-addlink.svg HTTP/1.1" 200 331
INFO 2023-08-31 22:09:44,877 autoreload 20880 9508 C:\Users\Nikita\PycharmProjects\42_django\lectures\myapp5\admin.py changed, reloading.
INFO 2023-08-31 22:09:45,467 autoreload 22516 18468 Watching for file changes with StatReloader
INFO 2023-08-31 22:10:38,026 autoreload 22516 18468 C:\Users\Nikita\PycharmProjects\42_django\lectures\myapp3\admin.py changed, reloading.
INFO 2023-08-31 22:10:38,960 autoreload 14768 19960 Watching for file changes with StatReloader
INFO 2023-08-31 22:11:11,019 basehttp 14768 21744 "GET /admin/ HTTP/1.1" 200 9319
INFO 2023-08-31 22:11:56,452 basehttp 14768 21744 "POST /admin/logout/ HTTP/1.1" 200 3709
INFO 2023-08-31 22:11:58,103 basehttp 14768 21744 "GET /admin/ HTTP/1.1" 302 0
INFO 2023-08-31 22:11:58,117 basehttp 14768 21744 "GET /admin/login/?next=/admin/ HTTP/1.1" 200 4267
INFO 2023-08-31 22:12:10,955 basehttp 14768 21744 "POST /admin/login/?next=/admin/ HTTP/1.1" 302 0
INFO 2023-08-31 22:12:10,970 basehttp 14768 21744 "GET /admin/ HTTP/1.1" 200 5358
INFO 2023-08-31 22:12:20,831 basehttp 14768 21744 "GET /admin/myapp3/post/ HTTP/1.1" 200 17392
INFO 2023-08-31 22:12:20,995 basehttp 14768 21744 "GET /static/admin/js/vendor/jquery/jquery.js HTTP/1.1" 200 292458
INFO 2023-08-31 22:12:20,998 basehttp 14768 21744 "GET /static/admin/js/prepopulate.js HTTP/1.1" 200 1531
INFO 2023-08-31 22:12:20,998 basehttp 14768 12668 "GET /static/admin/js/core.js HTTP/1.1" 200 5682
INFO 2023-08-31 22:12:21,003 basehttp 14768 15616 "GET /static/admin/js/jquery.init.js HTTP/1.1" 200 347
INFO 2023-08-31 22:12:21,005 basehttp 14768 20784 "GET /static/admin/js/urlify.js HTTP/1.1" 200 7887
INFO 2023-08-31 22:12:21,005 basehttp 14768 6672 "GET /static/admin/js/actions.js HTTP/1.1" 200 7872
INFO 2023-08-31 22:12:21,006 basehttp 14768 16564 "GET /static/admin/js/admin/RelatedObjectLookups.js HTTP/1.1" 200 8943
INFO 2023-08-31 22:12:21,010 basehttp 14768 21744 "GET /static/admin/js/vendor/xregexp/xregexp.js HTTP/1.1" 200 232381
INFO 2023-08-31 22:12:21,039 basehttp 14768 21744 "GET /static/admin/img/tooltag-add.svg HTTP/1.1" 200 331
INFO 2023-08-31 22:12:29,823 basehttp 14768 21744 "GET /admin/myapp3/post/100/change/ HTTP/1.1" 200 10210
INFO 2023-08-31 22:12:29,838 basehttp 14768 21744 "GET /static/admin/js/prepopulate_init.js HTTP/1.1" 200 586
INFO 2023-08-31 22:12:29,839 basehttp 14768 16564 "GET /static/admin/css/widgets.css HTTP/1.1" 200 11900
INFO 2023-08-31 22:12:29,842 basehttp 14768 6672 "GET /admin/jsi18n/ HTTP/1.1" 200 16066
INFO 2023-08-31 22:12:46,051 basehttp 14768 6672 "POST /admin/myapp3/post/100/change/ HTTP/1.1" 302 0
INFO 2023-08-31 22:12:46,073 basehttp 14768 6672 "GET /admin/myapp3/post/ HTTP/1.1" 200 17609
INFO 2023-08-31 22:13:08,846 basehttp 14768 6672 "POST /admin/logout/ HTTP/1.1" 200 3709
INFO 2023-08-31 22:13:10,617 basehttp 14768 6672 "GET /admin/ HTTP/1.1" 302 0
INFO 2023-08-31 22:13:10,623 basehttp 14768 6672 "GET /admin/login/?next=/admin/ HTTP/1.1" 200 4267
INFO 2023-08-31 22:13:18,331 basehttp 14768 6672 "POST /admin/login/?next=/admin/ HTTP/1.1" 302 0
INFO 2023-08-31 22:13:18,342 basehttp 14768 6672 "GET /admin/ HTTP/1.1" 200 9319
INFO 2023-08-31 22:13:27,331 basehttp 14768 6672 "GET /admin/myapp3/post/ HTTP/1.1" 200 31590
INFO 2023-08-31 22:13:27,354 basehttp 14768 6672 "GET /admin/jsi18n/ HTTP/1.1" 200 16066
INFO 2023-08-31 22:13:43,341 basehttp 14768 6672 "GET /admin/myapp3/post/98/change/ HTTP/1.1" 200 13365
INFO 2023-08-31 22:13:43,359 basehttp 14768 6672 "GET /admin/jsi18n/ HTTP/1.1" 200 16066
INFO 2023-08-31 22:13:43,373 basehttp 14768 16564 "GET /static/admin/img/icon-viewlink.svg HTTP/1.1" 200 581
INFO 2023-08-31 22:13:58,241 basehttp 14768 16564 "GET /admin/myapp5/category/ HTTP/1.1" 200 8980
INFO 2023-08-31 22:13:58,273 basehttp 14768 16564 "GET /admin/jsi18n/ HTTP/1.1" 200 16066
INFO 2023-08-31 22:14:08,339 basehttp 14768 16564 "GET /admin/myapp5/category/ HTTP/1.1" 200 8980
INFO 2023-08-31 22:14:08,358 basehttp 14768 16564 "GET /admin/jsi18n/ HTTP/1.1" 200 16066
INFO 2023-08-31 22:14:11,957 basehttp 14768 16564 "GET /admin/myapp5/category/add/ HTTP/1.1" 200 9821
INFO 2023-08-31 22:14:11,973 basehttp 14768 16564 "GET /admin/jsi18n/ HTTP/1.1" 200 16066
INFO 2023-08-31 22:14:23,056 basehttp 14768 16564 "POST /admin/myapp5/category/add/ HTTP/1.1" 302 0
INFO 2023-08-31 22:14:23,070 basehttp 14768 16564 "GET /admin/myapp5/category/ HTTP/1.1" 200 10455
INFO 2023-08-31 22:14:23,102 basehttp 14768 16564 "GET /admin/jsi18n/ HTTP/1.1" 200 16066
INFO 2023-08-31 22:14:26,453 basehttp 14768 16564 "GET /admin/myapp5/category/add/ HTTP/1.1" 200 9821
INFO 2023-08-31 22:14:26,469 basehttp 14768 16564 "GET /admin/jsi18n/ HTTP/1.1" 200 16066
INFO 2023-08-31 22:14:34,638 basehttp 14768 16564 "POST /admin/myapp5/category/add/ HTTP/1.1" 302 0
INFO 2023-08-31 22:14:34,653 basehttp 14768 16564 "GET /admin/myapp5/category/ HTTP/1.1" 200 10662
INFO 2023-08-31 22:14:34,683 basehttp 14768 16564 "GET /admin/jsi18n/ HTTP/1.1" 200 16066
INFO 2023-08-31 22:14:38,613 basehttp 14768 16564 "GET /admin/myapp5/product/ HTTP/1.1" 200 8973
INFO 2023-08-31 22:14:38,628 basehttp 14768 16564 "GET /admin/jsi18n/ HTTP/1.1" 200 16066
INFO 2023-08-31 22:14:41,191 basehttp 14768 16564 "GET /admin/myapp5/product/add/ HTTP/1.1" 200 11675
INFO 2023-08-31 22:14:41,220 basehttp 14768 16564 "GET /admin/jsi18n/ HTTP/1.1" 200 16066
INFO 2023-08-31 22:14:57,935 basehttp 14768 16564 "POST /admin/myapp5/product/add/ HTTP/1.1" 302 0
INFO 2023-08-31 22:14:57,946 basehttp 14768 16564 "GET /admin/myapp5/product/add/ HTTP/1.1" 200 11956
INFO 2023-08-31 22:14:57,971 basehttp 14768 16564 "GET /admin/jsi18n/ HTTP/1.1" 200 16066
INFO 2023-08-31 22:15:06,490 basehttp 14768 16564 "POST /admin/myapp5/product/add/ HTTP/1.1" 302 0
INFO 2023-08-31 22:15:06,503 basehttp 14768 16564 "GET /admin/myapp5/product/add/ HTTP/1.1" 200 11962
INFO 2023-08-31 22:15:06,533 basehttp 14768 16564 "GET /admin/jsi18n/ HTTP/1.1" 200 16066
INFO 2023-08-31 22:15:23,558 basehttp 14768 16564 "GET /admin/myapp5/category/add/?_to_field=id&_popup=1 HTTP/1.1" 200 4478
INFO 2023-08-31 22:15:23,579 basehttp 14768 16564 "GET /admin/jsi18n/ HTTP/1.1" 200 16066
INFO 2023-08-31 22:15:33,888 basehttp 14768 16564 "POST /admin/myapp5/category/add/?_to_field=id&_popup=1 HTTP/1.1" 200 403
INFO 2023-08-31 22:15:33,915 basehttp 14768 16564 "GET /static/admin/js/popup_response.js HTTP/1.1" 200 551
INFO 2023-08-31 22:15:46,357 basehttp 14768 16564 "POST /admin/myapp5/product/add/ HTTP/1.1" 302 0
INFO 2023-08-31 22:15:46,374 basehttp 14768 16564 "GET /admin/myapp5/product/add/ HTTP/1.1" 200 12003
INFO 2023-08-31 22:15:46,387 basehttp 14768 16564 "GET /admin/jsi18n/ HTTP/1.1" 200 16066
INFO 2023-08-31 22:15:57,695 basehttp 14768 16564 "POST /admin/myapp5/product/add/ HTTP/1.1" 302 0
INFO 2023-08-31 22:15:57,709 basehttp 14768 16564 "GET /admin/myapp5/product/add/ HTTP/1.1" 200 12009
INFO 2023-08-31 22:15:57,735 basehttp 14768 16564 "GET /admin/jsi18n/ HTTP/1.1" 200 16066
INFO 2023-08-31 22:16:03,818 basehttp 14768 16564 "GET /admin/myapp5/product/ HTTP/1.1" 200 10861
INFO 2023-08-31 22:16:03,835 basehttp 14768 16564 "GET /admin/jsi18n/ HTTP/1.1" 200 16066
INFO 2023-08-31 22:16:12,902 basehttp 14768 16564 "GET /admin/myapp5/product/1/change/ HTTP/1.1" 200 11936
INFO 2023-08-31 22:16:12,932 basehttp 14768 16564 "GET /admin/jsi18n/ HTTP/1.1" 200 16066
INFO 2023-08-31 22:16:17,362 basehttp 14768 16564 "GET /admin/myapp5/product/1/delete/ HTTP/1.1" 200 9027
INFO 2023-08-31 22:16:17,389 basehttp 14768 16564 "GET /static/admin/js/cancel.js HTTP/1.1" 200 884
INFO 2023-08-31 22:16:33,962 basehttp 14768 16564 "POST /admin/myapp5/product/1/delete/ HTTP/1.1" 302 0
INFO 2023-08-31 22:16:33,980 basehttp 14768 16564 "GET /admin/myapp5/product/ HTTP/1.1" 200 10816
INFO 2023-08-31 22:16:34,011 basehttp 14768 16564 "GET /admin/jsi18n/ HTTP/1.1" 200 16066
INFO 2023-08-31 22:20:19,248 autoreload 14768 19960 C:\Users\Nikita\PycharmProjects\42_django\lectures\myapp5\models.py changed, reloading.
INFO 2023-08-31 22:20:20,273 autoreload 17992 18328 Watching for file changes with StatReloader
INFO 2023-08-31 22:20:59,582 autoreload 17992 18328 C:\Users\Nikita\PycharmProjects\42_django\lectures\myapp5\models.py changed, reloading.
INFO 2023-08-31 22:21:00,444 autoreload 16312 22072 Watching for file changes with StatReloader
INFO 2023-08-31 22:29:38,311 autoreload 19764 20784 Watching for file changes with StatReloader
INFO 2023-08-31 22:29:46,919 basehttp 19764 17892 "POST /admin/logout/ HTTP/1.1" 200 3709
INFO 2023-08-31 22:29:48,527 basehttp 19764 17892 "GET /admin/ HTTP/1.1" 302 0
INFO 2023-08-31 22:29:48,539 basehttp 19764 17892 "GET /admin/login/?next=/admin/ HTTP/1.1" 200 4267
INFO 2023-08-31 22:30:02,675 basehttp 19764 17892 "POST /admin/login/?next=/admin/ HTTP/1.1" 302 0
INFO 2023-08-31 22:30:02,691 basehttp 19764 17892 "GET /admin/ HTTP/1.1" 200 11007
INFO 2023-08-31 22:30:02,756 basehttp 19764 17892 "GET /static/admin/img/icon-deletelink.svg HTTP/1.1" 200 392
INFO 2023-08-31 22:30:16,368 basehttp 19764 17892 "GET /admin/myapp5/product/ HTTP/1.1" 200 10654
INFO 2023-08-31 22:30:16,398 basehttp 19764 17892 "GET /admin/jsi18n/ HTTP/1.1" 200 16066
INFO 2023-08-31 22:30:17,748 basehttp 19764 17892 "GET /admin/myapp5/product/4/change/ HTTP/1.1" 200 14492
INFO 2023-08-31 22:30:17,769 basehttp 19764 17892 "GET /admin/jsi18n/ HTTP/1.1" 200 16066
INFO 2023-08-31 22:30:33,952 basehttp 19764 17892 "POST /admin/myapp5/product/4/change/ HTTP/1.1" 200 14709
INFO 2023-08-31 22:30:33,981 basehttp 19764 17892 "GET /admin/jsi18n/ HTTP/1.1" 200 16066
INFO 2023-08-31 22:30:41,438 basehttp 19764 17892 "POST /admin/myapp5/product/4/change/ HTTP/1.1" 302 0
INFO 2023-08-31 22:30:41,452 basehttp 19764 17892 "GET /admin/myapp5/product/ HTTP/1.1" 200 10872
INFO 2023-08-31 22:30:41,477 basehttp 19764 17892 "GET /admin/jsi18n/ HTTP/1.1" 200 16066
INFO 2023-08-31 22:30:44,476 basehttp 19764 17892 "GET /admin/myapp5/product/ HTTP/1.1" 200 10654
INFO 2023-08-31 22:30:44,492 basehttp 19764 17892 "GET /admin/jsi18n/ HTTP/1.1" 200 16066
INFO 2023-08-31 22:30:45,622 basehttp 19764 17892 "GET /admin/myapp5/product/ HTTP/1.1" 200 10654
INFO 2023-08-31 22:30:45,635 basehttp 19764 17892 "GET /admin/jsi18n/ HTTP/1.1" 200 16066
INFO 2023-08-31 22:30:47,105 basehttp 19764 17892 "GET /admin/myapp5/product/4/change/ HTTP/1.1" 200 14492
INFO 2023-08-31 22:30:47,132 basehttp 19764 17892 "GET /admin/jsi18n/ HTTP/1.1" 200 16066
INFO 2023-08-31 22:32:13,891 autoreload 19764 20784 C:\Users\Nikita\PycharmProjects\42_django\lectures\myapp5\admin.py changed, reloading.
INFO 2023-08-31 22:32:14,941 autoreload 2712 22184 Watching for file changes with StatReloader
INFO 2023-08-31 22:33:00,474 autoreload 2712 22184 C:\Users\Nikita\PycharmProjects\42_django\lectures\myapp5\admin.py changed, reloading.
INFO 2023-08-31 22:33:01,138 autoreload 15864 8360 Watching for file changes with StatReloader
INFO 2023-08-31 22:33:49,620 autoreload 15864 8360 C:\Users\Nikita\PycharmProjects\42_django\lectures\myapp5\admin.py changed, reloading.
INFO 2023-08-31 22:33:50,664 autoreload 21328 21384 Watching for file changes with StatReloader
INFO 2023-08-31 22:34:05,841 basehttp 21328 20116 "GET /admin/myapp5/product/4/change/ HTTP/1.1" 200 14492
INFO 2023-08-31 22:34:05,861 basehttp 21328 20116 "GET /admin/jsi18n/ HTTP/1.1" 200 16066
INFO 2023-08-31 22:34:11,255 basehttp 21328 20116 "GET /admin/myapp5/product/ HTTP/1.1" 200 11192
INFO 2023-08-31 22:34:11,277 basehttp 21328 20116 "GET /admin/jsi18n/ HTTP/1.1" 200 16066
INFO 2023-08-31 22:34:27,361 basehttp 21328 20116 "GET /admin/myapp5/product/?o=1 HTTP/1.1" 200 11600
INFO 2023-08-31 22:34:27,387 basehttp 21328 20116 "GET /admin/jsi18n/ HTTP/1.1" 200 16066
INFO 2023-08-31 22:34:27,459 basehttp 21328 20116 "GET /static/admin/img/sorting-icons.svg HTTP/1.1" 200 1097
INFO 2023-08-31 22:34:28,706 basehttp 21328 20116 "GET /admin/myapp5/product/?o=2.1 HTTP/1.1" 200 12090
INFO 2023-08-31 22:34:28,731 basehttp 21328 20116 "GET /admin/jsi18n/ HTTP/1.1" 200 16066
INFO 2023-08-31 22:34:31,019 basehttp 21328 20116 "GET /admin/myapp5/product/?o=3.2.1 HTTP/1.1" 200 12503
INFO 2023-08-31 22:34:31,050 basehttp 21328 20116 "GET /admin/jsi18n/ HTTP/1.1" 200 16066
INFO 2023-08-31 22:34:32,294 basehttp 21328 20116 "GET /admin/myapp5/product/?o=-1.3.2 HTTP/1.1" 200 12513
INFO 2023-08-31 22:34:32,311 basehttp 21328 20116 "GET /admin/jsi18n/ HTTP/1.1" 200 16066
INFO 2023-08-31 22:34:58,046 basehttp 21328 20116 "GET /admin/myapp5/product/?o=3.2 HTTP/1.1" 200 12090
INFO 2023-08-31 22:34:58,076 basehttp 21328 20116 "GET /admin/jsi18n/ HTTP/1.1" 200 16066
INFO 2023-08-31 22:34:59,457 basehttp 21328 20116 "GET /admin/myapp5/product/?o=3 HTTP/1.1" 200 11600
INFO 2023-08-31 22:34:59,473 basehttp 21328 20116 "GET /admin/jsi18n/ HTTP/1.1" 200 16066
INFO 2023-08-31 22:35:01,108 basehttp 21328 20116 "GET /admin/myapp5/product/?o= HTTP/1.1" 200 11292
INFO 2023-08-31 22:35:01,132 basehttp 21328 20116 "GET /admin/jsi18n/ HTTP/1.1" 200 16066
INFO 2023-08-31 22:35:42,818 autoreload 21328 21384 C:\Users\Nikita\PycharmProjects\42_django\lectures\myapp5\admin.py changed, reloading.
INFO 2023-08-31 22:35:43,521 autoreload 17368 17736 Watching for file changes with StatReloader
INFO 2023-08-31 22:35:49,214 autoreload 17368 17736 C:\Users\Nikita\PycharmProjects\42_django\lectures\myapp5\admin.py changed, reloading.
INFO 2023-08-31 22:35:50,046 autoreload 2692 9912 Watching for file changes with StatReloader
INFO 2023-08-31 22:36:19,109 autoreload 2692 9912 C:\Users\Nikita\PycharmProjects\42_django\lectures\myapp5\admin.py changed, reloading.
INFO 2023-08-31 22:36:20,246 autoreload 5136 8108 Watching for file changes with StatReloader
INFO 2023-08-31 22:36:39,193 autoreload 5136 8108 C:\Users\Nikita\PycharmProjects\42_django\lectures\myapp5\admin.py changed, reloading.
INFO 2023-08-31 22:36:39,867 autoreload 22384 21020 Watching for file changes with StatReloader
INFO 2023-08-31 22:36:50,542 autoreload 22384 21020 C:\Users\Nikita\PycharmProjects\42_django\lectures\myapp5\admin.py changed, reloading.
INFO 2023-08-31 22:36:51,280 autoreload 19636 6380 Watching for file changes with StatReloader
INFO 2023-08-31 22:37:02,315 basehttp 19636 19384 "GET /admin/myapp5/product/?o= HTTP/1.1" 200 11292
INFO 2023-08-31 22:37:02,328 basehttp 19636 19384 "GET /admin/jsi18n/ HTTP/1.1" 200 16066
INFO 2023-08-31 22:37:05,820 basehttp 19636 19384 "GET /admin/myapp5/product/ HTTP/1.1" 200 11982
INFO 2023-08-31 22:37:05,843 basehttp 19636 19384 "GET /admin/jsi18n/ HTTP/1.1" 200 16066
INFO 2023-08-31 22:37:57,459 autoreload 19636 6380 C:\Users\Nikita\PycharmProjects\42_django\lectures\myapp5\admin.py changed, reloading.
INFO 2023-08-31 22:37:58,427 autoreload 16900 21744 Watching for file changes with StatReloader
INFO 2023-08-31 22:38:07,819 basehttp 16900 21644 "GET /admin/myapp5/product/ HTTP/1.1" 200 13172
INFO 2023-08-31 22:38:07,838 basehttp 16900 21644 "GET /admin/jsi18n/ HTTP/1.1" 200 16066
INFO 2023-08-31 22:38:08,760 basehttp 16900 21644 "GET /admin/myapp5/product/ HTTP/1.1" 200 13172
INFO 2023-08-31 22:38:08,773 basehttp 16900 21644 "GET /admin/jsi18n/ HTTP/1.1" 200 16066
INFO 2023-08-31 22:38:46,751 basehttp 16900 21644 "GET /admin/myapp5/product/?price=999999.99 HTTP/1.1" 200 13688
INFO 2023-08-31 22:38:46,783 basehttp 16900 21644 "GET /admin/jsi18n/ HTTP/1.1" 200 16066
INFO 2023-08-31 22:38:49,443 basehttp 16900 21644 "GET /admin/myapp5/product/?price=999999.99 HTTP/1.1" 200 13688
INFO 2023-08-31 22:38:49,459 basehttp 16900 21644 "GET /admin/jsi18n/ HTTP/1.1" 200 16066
INFO 2023-08-31 22:38:57,470 basehttp 16900 21644 "GET /admin/myapp5/product/?date_added__gte=2023-08-31+00%3A00%3A00%2B00%3A00&date_added__lt=2023-09-01+00%3A00%3A00%2B00%3A00&price=999999.99 HTTP/1.1" 200 15154
INFO 2023-08-31 22:38:57,493 basehttp 16900 21644 "GET /admin/jsi18n/ HTTP/1.1" 200 16066
INFO 2023-08-31 22:38:58,602 basehttp 16900 21644 "GET /admin/myapp5/product/?price=999999.99 HTTP/1.1" 200 13688
INFO 2023-08-31 22:38:58,628 basehttp 16900 21644 "GET /admin/jsi18n/ HTTP/1.1" 200 16066
INFO 2023-08-31 22:38:59,593 basehttp 16900 21644 "GET /admin/myapp5/product/?date_added__gte=2023-08-24+00%3A00%3A00%2B00%3A00&date_added__lt=2023-09-01+00%3A00%3A00%2B00%3A00&price=999999.99 HTTP/1.1" 200 15154
INFO 2023-08-31 22:38:59,614 basehttp 16900 21644 "GET /admin/jsi18n/ HTTP/1.1" 200 16066
INFO 2023-08-31 22:39:02,246 basehttp 16900 21644 "GET /admin/myapp5/product/? HTTP/1.1" 200 13172
INFO 2023-08-31 22:39:02,275 basehttp 16900 21644 "GET /admin/jsi18n/ HTTP/1.1" 200 16066
INFO 2023-08-31 22:39:05,403 basehttp 16900 21644 "GET /admin/myapp5/product/?date_added__gte=2023-01-01+00%3A00%3A00%2B00%3A00&date_added__lt=2024-01-01+00%3A00%3A00%2B00%3A00 HTTP/1.1" 200 14839
INFO 2023-08-31 22:39:05,419 basehttp 16900 21644 "GET /admin/jsi18n/ HTTP/1.1" 200 16066
INFO 2023-08-31 22:39:07,159 basehttp 16900 21644 "GET /admin/myapp5/product/? HTTP/1.1" 200 13172
INFO 2023-08-31 22:39:07,188 basehttp 16900 21644 "GET /admin/jsi18n/ HTTP/1.1" 200 16066
INFO 2023-08-31 22:40:04,948 autoreload 16900 21744 C:\Users\Nikita\PycharmProjects\42_django\lectures\myapp5\admin.py changed, reloading.
INFO 2023-08-31 22:40:05,692 autoreload 19520 7172 Watching for file changes with StatReloader
INFO 2023-08-31 22:40:24,581 autoreload 19520 7172 C:\Users\Nikita\PycharmProjects\42_django\lectures\myapp5\admin.py changed, reloading.
INFO 2023-08-31 22:40:26,282 autoreload 20288 11448 Watching for file changes with StatReloader
INFO 2023-08-31 22:40:27,155 basehttp 20288 18536 "GET /admin/myapp5/product/? HTTP/1.1" 200 13666
INFO 2023-08-31 22:40:27,170 basehttp 20288 18536 "GET /admin/jsi18n/ HTTP/1.1" 200 16066
INFO 2023-08-31 22:40:27,951 basehttp 20288 18536 "GET /admin/myapp5/product/ HTTP/1.1" 200 13666
INFO 2023-08-31 22:40:27,970 basehttp 20288 18536 "GET /admin/jsi18n/ HTTP/1.1" 200 16066
INFO 2023-08-31 22:40:42,456 basehttp 20288 18536 "GET /admin/myapp5/product/?q=%D1%86%D0%B5 HTTP/1.1" 200 11565
INFO 2023-08-31 22:40:42,482 basehttp 20288 18536 "GET /admin/jsi18n/ HTTP/1.1" 200 16066
INFO 2023-08-31 22:40:47,791 basehttp 20288 18536 "GET /admin/myapp5/product/?q=milk HTTP/1.1" 200 11493
INFO 2023-08-31 22:40:47,812 basehttp 20288 18536 "GET /admin/jsi18n/ HTTP/1.1" 200 16066
INFO 2023-08-31 22:40:55,826 basehttp 20288 18536 "GET /admin/myapp5/product/?q=%D0%BC%D0%BE%D0%BB%D0%BE%D0%BA%D0%BE HTTP/1.1" 200 11781
INFO 2023-08-31 22:40:55,855 basehttp 20288 18536 "GET /admin/jsi18n/ HTTP/1.1" 200 16066
INFO 2023-08-31 22:41:02,101 basehttp 20288 18536 "GET /admin/myapp5/product/?q=%D0%BA%D0%BE%D0%BB%D0%B1%D0%B0%D1%81%D0%B0 HTTP/1.1" 200 11835
INFO 2023-08-31 22:41:02,120 basehttp 20288 18536 "GET /admin/jsi18n/ HTTP/1.1" 200 16066
INFO 2023-08-31 22:41:10,916 basehttp 20288 18536 "GET /admin/myapp5/product/ HTTP/1.1" 200 13666
INFO 2023-08-31 22:41:10,944 basehttp 20288 18536 "GET /admin/jsi18n/ HTTP/1.1" 200 16066
INFO 2023-08-31 22:41:13,578 basehttp 20288 18536 "GET /admin/myapp5/product/4/change/ HTTP/1.1" 200 14492
INFO 2023-08-31 22:41:13,598 basehttp 20288 18536 "GET /admin/jsi18n/ HTTP/1.1" 200 16066
INFO 2023-08-31 22:41:26,037 basehttp 20288 18536 "POST /admin/myapp5/product/4/change/ HTTP/1.1" 302 0
INFO 2023-08-31 22:41:26,053 basehttp 20288 18536 "GET /admin/myapp5/product/ HTTP/1.1" 200 13884
INFO 2023-08-31 22:41:26,097 basehttp 20288 18536 "GET /admin/jsi18n/ HTTP/1.1" 200 16066
INFO 2023-08-31 22:41:33,327 basehttp 20288 18536 "GET /admin/myapp5/product/?q=%D0%B2%D0%BA%D1%83%D1%81 HTTP/1.1" 200 13737
INFO 2023-08-31 22:41:33,357 basehttp 20288 18536 "GET /admin/jsi18n/ HTTP/1.1" 200 16066
INFO 2023-08-31 22:42:51,147 autoreload 20288 11448 C:\Users\Nikita\PycharmProjects\42_django\lectures\myapp5\admin.py changed, reloading.
INFO 2023-08-31 22:42:52,009 autoreload 21164 18588 Watching for file changes with StatReloader
INFO 2023-08-31 22:43:15,904 autoreload 21164 18588 C:\Users\Nikita\PycharmProjects\42_django\lectures\myapp5\admin.py changed, reloading.
INFO 2023-08-31 22:43:16,834 autoreload 18308 20976 Watching for file changes with StatReloader
INFO 2023-08-31 22:45:37,246 autoreload 18308 20976 C:\Users\Nikita\PycharmProjects\42_django\lectures\myapp5\admin.py changed, reloading.
INFO 2023-08-31 22:45:38,361 autoreload 16684 21144 Watching for file changes with StatReloader
INFO 2023-08-31 22:46:32,083 autoreload 16684 21144 C:\Users\Nikita\PycharmProjects\42_django\lectures\myapp5\admin.py changed, reloading.
INFO 2023-08-31 22:46:33,533 autoreload 21068 5208 Watching for file changes with StatReloader
INFO 2023-08-31 22:47:31,433 autoreload 21068 5208 C:\Users\Nikita\PycharmProjects\42_django\lectures\myapp5\admin.py changed, reloading.
INFO 2023-08-31 22:47:32,186 autoreload 15244 3128 Watching for file changes with StatReloader
INFO 2023-08-31 22:47:39,184 basehttp 15244 16636 "GET /admin/myapp5/product/ HTTP/1.1" 200 13759
INFO 2023-08-31 22:47:39,213 basehttp 15244 16636 "GET /admin/jsi18n/ HTTP/1.1" 200 16066
INFO 2023-08-31 22:47:51,953 basehttp 15244 16636 "POST /admin/myapp5/product/ HTTP/1.1" 302 0
INFO 2023-08-31 22:47:51,969 basehttp 15244 16636 "GET /admin/myapp5/product/ HTTP/1.1" 200 13759
INFO 2023-08-31 22:47:51,988 basehttp 15244 16636 "GET /admin/jsi18n/ HTTP/1.1" 200 16066
INFO 2023-08-31 22:50:51,211 basehttp 15244 16636 "GET /admin/myapp5/product/4/change/ HTTP/1.1" 200 14521
INFO 2023-08-31 22:50:51,239 basehttp 15244 16636 "GET /admin/jsi18n/ HTTP/1.1" 200 16066
INFO 2023-08-31 22:52:11,519 autoreload 15244 3128 C:\Users\Nikita\PycharmProjects\42_django\lectures\myapp5\admin.py changed, reloading.
INFO 2023-08-31 22:52:12,407 autoreload 3468 10348 Watching for file changes with StatReloader
INFO 2023-08-31 22:52:29,127 autoreload 3468 10348 C:\Users\Nikita\PycharmProjects\42_django\lectures\myapp5\admin.py changed, reloading.
INFO 2023-08-31 22:52:29,794 autoreload 21012 18664 Watching for file changes with StatReloader
INFO 2023-08-31 22:52:50,698 autoreload 21012 18664 C:\Users\Nikita\PycharmProjects\42_django\lectures\myapp5\admin.py changed, reloading.
INFO 2023-08-31 22:52:51,549 autoreload 6896 19004 Watching for file changes with StatReloader
INFO 2023-08-31 22:53:08,357 autoreload 6896 19004 C:\Users\Nikita\PycharmProjects\42_django\lectures\myapp5\admin.py changed, reloading.
INFO 2023-08-31 22:53:09,127 autoreload 15492 19712 Watching for file changes with StatReloader
INFO 2023-08-31 22:53:28,037 basehttp 15492 22440 "GET /admin/myapp5/product/4/change/ HTTP/1.1" 200 13742
INFO 2023-08-31 22:53:28,053 basehttp 15492 22440 "GET /admin/jsi18n/ HTTP/1.1" 200 16066
INFO 2023-08-31 22:55:06,528 autoreload 15492 19712 C:\Users\Nikita\PycharmProjects\42_django\lectures\myapp5\admin.py changed, reloading.
INFO 2023-08-31 22:55:07,784 autoreload 20400 10028 Watching for file changes with StatReloader
INFO 2023-08-31 22:55:16,464 autoreload 20400 10028 C:\Users\Nikita\PycharmProjects\42_django\lectures\myapp5\admin.py changed, reloading.
INFO 2023-08-31 22:55:17,185 autoreload 9816 18516 Watching for file changes with StatReloader
INFO 2023-08-31 22:56:50,205 autoreload 9816 18516 C:\Users\Nikita\PycharmProjects\42_django\lectures\myapp5\admin.py changed, reloading.
INFO 2023-08-31 22:56:51,332 autoreload 20120 21544 Watching for file changes with StatReloader
INFO 2023-08-31 22:57:14,330 autoreload 20120 21544 C:\Users\Nikita\PycharmProjects\42_django\lectures\myapp5\admin.py changed, reloading.
INFO 2023-08-31 22:57:15,187 autoreload 18316 22520 Watching for file changes with StatReloader
INFO 2023-08-31 22:57:58,521 autoreload 18316 22520 C:\Users\Nikita\PycharmProjects\42_django\lectures\myapp5\admin.py changed, reloading.
INFO 2023-08-31 22:57:59,627 autoreload 17368 14764 Watching for file changes with StatReloader
INFO 2023-08-31 22:58:38,058 autoreload 17368 14764 C:\Users\Nikita\PycharmProjects\42_django\lectures\myapp5\admin.py changed, reloading.
INFO 2023-08-31 22:58:38,999 autoreload 14868 18280 Watching for file changes with StatReloader
INFO 2023-08-31 22:58:42,304 basehttp 14868 14448 "GET /admin/myapp5/product/4/change/ HTTP/1.1" 200 15656
INFO 2023-08-31 22:58:42,324 basehttp 14868 20056 "GET /admin/jsi18n/ HTTP/1.1" 200 16066
INFO 2023-08-31 22:58:42,382 basehttp 14868 14448 "GET /static/admin/js/collapse.js HTTP/1.1" 200 1803
INFO 2023-08-31 22:58:43,251 basehttp 14868 14448 "GET /admin/myapp5/product/ HTTP/1.1" 200 13759
INFO 2023-08-31 22:58:43,266 basehttp 14868 14448 "GET /admin/jsi18n/ HTTP/1.1" 200 16066
INFO 2023-08-31 22:58:48,002 basehttp 14868 14448 "GET /admin/myapp5/product/2/change/ HTTP/1.1" 200 15619
INFO 2023-08-31 22:58:48,036 basehttp 14868 14448 "GET /admin/jsi18n/ HTTP/1.1" 200 16066
